d:\downloads\compressed\01_emulator\hercules_prere\vcproj-16\plugin-hpmhooking_map\release\vc142.pdb
d:\downloads\compressed\01_emulator\hercules_prere\vcproj-16\plugin-hpmhooking_map\release\hpmhooking.obj
d:\downloads\idm\01_emulator\01_emulator\hercules_prere\vcproj-16\plugin-hpmhooking_map\release\vc142.pdb
d:\downloads\idm\01_emulator\01_emulator\hercules_prere\vcproj-16\plugin-hpmhooking_map\release\hpmhooking.obj
d:\downloads\compressed\01_emulator\hercules_prere\plugins\hpmhooking_map.dll
d:\downloads\compressed\01_emulator\hercules_prere\vcproj-16\plugin-hpmhooking_map\release\hpmhooking_map.pdb
d:\downloads\idm\01_emulator\01_emulator\hercules_prere\plugins\hpmhooking_map.dll
d:\downloads\idm\01_emulator\01_emulator\hercules_prere\vcproj-16\plugin-hpmhooking_map\release\hpmhooking_map.pdb
d:\downloads\compressed\01_emulator\hercules_prere\vcproj-16\plugin-hpmhooking_map\release\hpmhooking_map.lib
d:\downloads\compressed\01_emulator\hercules_prere\vcproj-16\plugin-hpmhooking_map\release\hpmhooking_map.exp
d:\downloads\idm\01_emulator\01_emulator\hercules_prere\vcproj-16\plugin-hpmhooking_map\release\hpmhooking_map.lib
d:\downloads\idm\01_emulator\01_emulator\hercules_prere\vcproj-16\plugin-hpmhooking_map\release\hpmhooking_map.exp
d:\downloads\01_emulator\hercules_prere\vcproj-16\plugin-hpmhooking_map\release\hpmhooking.obj
d:\downloads\01_emulator\hercules_prere\vcproj-16\plugin-hpmhooking_map\release\hpmhooking_map.exp
d:\downloads\01_emulator\hercules_prere\vcproj-16\plugin-hpmhooking_map\release\hpmhooking_map.pdb
d:\downloads\01_emulator\hercules_prere\vcproj-16\plugin-hpmhooking_map\release\vc142.pdb
d:\downloads\01_emulator\hercules_prere\vcproj-16\..\plugins\hpmhooking_map.dll
d:\downloads\01_emulator\hercules_prere\vcproj-16\plugin-hpmhooking_map\release\plugin-h.745d4a8c.tlog\cl.command.1.tlog
d:\downloads\01_emulator\hercules_prere\vcproj-16\plugin-hpmhooking_map\release\plugin-h.745d4a8c.tlog\cl.read.1.tlog
d:\downloads\01_emulator\hercules_prere\vcproj-16\plugin-hpmhooking_map\release\plugin-h.745d4a8c.tlog\cl.write.1.tlog
d:\downloads\01_emulator\hercules_prere\vcproj-16\plugin-hpmhooking_map\release\plugin-h.745d4a8c.tlog\link.command.1.tlog
d:\downloads\01_emulator\hercules_prere\vcproj-16\plugin-hpmhooking_map\release\plugin-h.745d4a8c.tlog\link.delete.1.tlog
d:\downloads\01_emulator\hercules_prere\vcproj-16\plugin-hpmhooking_map\release\plugin-h.745d4a8c.tlog\link.read.1.tlog
d:\downloads\01_emulator\hercules_prere\vcproj-16\plugin-hpmhooking_map\release\plugin-h.745d4a8c.tlog\link.write.1.tlog
d:\downloads\01_emulator\hercules_prere\vcproj-16\plugin-hpmhooking_map\release\plugin-h.745d4a8c.tlog\plugin-hpmhooking_map.write.1u.tlog
