d:\downloads\01_emulator\hercules_prere\char-server.lib
d:\downloads\01_emulator\hercules_prere\char-server.exp
d:\downloads\01_emulator\hercules_prere\vcproj-15\char-server\release\libconfig.obj
d:\downloads\01_emulator\hercules_prere\vcproj-15\char-server\release\conf.obj
d:\downloads\01_emulator\hercules_prere\vcproj-15\char-server\release\console.obj
d:\downloads\01_emulator\hercules_prere\vcproj-15\char-server\release\md5calc.obj
d:\downloads\01_emulator\hercules_prere\vcproj-15\char-server\release\random.obj
d:\downloads\01_emulator\hercules_prere\vcproj-15\char-server\release\sysinfo.obj
d:\downloads\01_emulator\hercules_prere\vcproj-15\char-server\release\int_auction.obj
d:\downloads\01_emulator\hercules_prere\vcproj-15\char-server\release\int_homun.obj
d:\downloads\01_emulator\hercules_prere\vcproj-15\char-server\release\int_pet.obj
d:\downloads\01_emulator\hercules_prere\vcproj-15\char-server\release\loginif.obj
d:\downloads\01_emulator\hercules_prere\vcproj-15\char-server\release\scanner.obj
d:\downloads\01_emulator\hercules_prere\vcproj-15\char-server\release\int_rodex.obj
d:\downloads\01_emulator\hercules_prere\vcproj-15\char-server\release\ers.obj
d:\downloads\01_emulator\hercules_prere\vcproj-15\char-server\release\memmgr.obj
d:\downloads\01_emulator\hercules_prere\vcproj-15\char-server\release\mutex.obj
d:\downloads\01_emulator\hercules_prere\vcproj-15\char-server\release\sql.obj
d:\downloads\01_emulator\hercules_prere\vcproj-15\char-server\release\utils.obj
d:\downloads\01_emulator\hercules_prere\vcproj-15\char-server\release\geoip.obj
d:\downloads\01_emulator\hercules_prere\vcproj-15\char-server\release\int_achievement.obj
d:\downloads\01_emulator\hercules_prere\vcproj-15\char-server\release\int_guild.obj
d:\downloads\01_emulator\hercules_prere\vcproj-15\char-server\release\int_party.obj
d:\downloads\01_emulator\hercules_prere\vcproj-15\char-server\release\inter.obj
d:\downloads\01_emulator\hercules_prere\vcproj-15\char-server\release\grammar.obj
d:\downloads\01_emulator\hercules_prere\vcproj-15\char-server\release\strbuf.obj
d:\downloads\01_emulator\hercules_prere\vcproj-15\char-server\release\mt19937ar.obj
d:\downloads\01_emulator\hercules_prere\vcproj-15\char-server\release\core.obj
d:\downloads\01_emulator\hercules_prere\vcproj-15\char-server\release\grfio.obj
d:\downloads\01_emulator\hercules_prere\vcproj-15\char-server\release\mapindex.obj
d:\downloads\01_emulator\hercules_prere\vcproj-15\char-server\release\nullpo.obj
d:\downloads\01_emulator\hercules_prere\vcproj-15\char-server\release\socket.obj
d:\downloads\01_emulator\hercules_prere\vcproj-15\char-server\release\thread.obj
d:\downloads\01_emulator\hercules_prere\vcproj-15\char-server\release\hpmchar.obj
d:\downloads\01_emulator\hercules_prere\vcproj-15\char-server\release\int_clan.obj
d:\downloads\01_emulator\hercules_prere\vcproj-15\char-server\release\int_mail.obj
d:\downloads\01_emulator\hercules_prere\vcproj-15\char-server\release\int_quest.obj
d:\downloads\01_emulator\hercules_prere\vcproj-15\char-server\release\mapif.obj
d:\downloads\01_emulator\hercules_prere\vcproj-15\char-server\release\scanctx.obj
d:\downloads\01_emulator\hercules_prere\vcproj-15\char-server\release\packets.obj
d:\downloads\01_emulator\hercules_prere\vcproj-15\char-server\release\db.obj
d:\downloads\01_emulator\hercules_prere\vcproj-15\char-server\release\des.obj
d:\downloads\01_emulator\hercules_prere\vcproj-15\char-server\release\hpm.obj
d:\downloads\01_emulator\hercules_prere\vcproj-15\char-server\release\showmsg.obj
d:\downloads\01_emulator\hercules_prere\vcproj-15\char-server\release\strlib.obj
d:\downloads\01_emulator\hercules_prere\vcproj-15\char-server\release\timer.obj
d:\downloads\01_emulator\hercules_prere\vcproj-15\char-server\release\char.obj
d:\downloads\01_emulator\hercules_prere\vcproj-15\char-server\release\int_elemental.obj
d:\downloads\01_emulator\hercules_prere\vcproj-15\char-server\release\int_mercenary.obj
d:\downloads\01_emulator\hercules_prere\vcproj-15\char-server\release\int_storage.obj
d:\downloads\01_emulator\hercules_prere\vcproj-15\char-server\release\pincode.obj
d:\downloads\01_emulator\hercules_prere\vcproj-15\char-server\release\vc142.pdb
d:\downloads\01_emulator\hercules_prere\char-server.exe
d:\downloads\01_emulator\hercules_prere\char-server.pdb
d:\downloads\01_emulator\hercules_prere\vcproj-15\..\char-server.exe
d:\downloads\01_emulator\hercules_prere\vcproj-15\char-server\release\char-server.tlog\char-server.write.1u.tlog
d:\downloads\01_emulator\hercules_prere\vcproj-15\char-server\release\char-server.tlog\cl.11016.write.1.tlog
d:\downloads\01_emulator\hercules_prere\vcproj-15\char-server\release\char-server.tlog\cl.command.1.tlog
d:\downloads\01_emulator\hercules_prere\vcproj-15\char-server\release\char-server.tlog\cl.read.1.tlog
d:\downloads\01_emulator\hercules_prere\vcproj-15\char-server\release\char-server.tlog\link.command.1.tlog
d:\downloads\01_emulator\hercules_prere\vcproj-15\char-server\release\char-server.tlog\link.delete.1.tlog
d:\downloads\01_emulator\hercules_prere\vcproj-15\char-server\release\char-server.tlog\link.read.1.tlog
d:\downloads\01_emulator\hercules_prere\vcproj-15\char-server\release\char-server.tlog\link.write.1.tlog
