d:\downloads\compressed\01_emulator\hercules_prere\vcproj-16\plugin-hpmhooking_login\release\vc142.pdb
d:\downloads\compressed\01_emulator\hercules_prere\vcproj-16\plugin-hpmhooking_login\release\hpmhooking.obj
d:\downloads\idm\01_emulator\01_emulator\hercules_prere\vcproj-16\plugin-hpmhooking_login\release\vc142.pdb
d:\downloads\idm\01_emulator\01_emulator\hercules_prere\vcproj-16\plugin-hpmhooking_login\release\hpmhooking.obj
d:\downloads\compressed\01_emulator\hercules_prere\plugins\hpmhooking_login.dll
d:\downloads\compressed\01_emulator\hercules_prere\vcproj-16\plugin-hpmhooking_login\release\hpmhooking_login.pdb
d:\downloads\idm\01_emulator\01_emulator\hercules_prere\plugins\hpmhooking_login.dll
d:\downloads\idm\01_emulator\01_emulator\hercules_prere\vcproj-16\plugin-hpmhooking_login\release\hpmhooking_login.pdb
d:\downloads\compressed\01_emulator\hercules_prere\vcproj-16\plugin-hpmhooking_login\release\hpmhooking_login.lib
d:\downloads\compressed\01_emulator\hercules_prere\vcproj-16\plugin-hpmhooking_login\release\hpmhooking_login.exp
d:\downloads\idm\01_emulator\01_emulator\hercules_prere\vcproj-16\plugin-hpmhooking_login\release\hpmhooking_login.lib
d:\downloads\idm\01_emulator\01_emulator\hercules_prere\vcproj-16\plugin-hpmhooking_login\release\hpmhooking_login.exp
d:\downloads\01_emulator\hercules_prere\vcproj-16\plugin-hpmhooking_login\release\hpmhooking.obj
d:\downloads\01_emulator\hercules_prere\vcproj-16\plugin-hpmhooking_login\release\hpmhooking_login.exp
d:\downloads\01_emulator\hercules_prere\vcproj-16\plugin-hpmhooking_login\release\hpmhooking_login.pdb
d:\downloads\01_emulator\hercules_prere\vcproj-16\plugin-hpmhooking_login\release\vc142.pdb
d:\downloads\01_emulator\hercules_prere\vcproj-16\..\plugins\hpmhooking_login.dll
d:\downloads\01_emulator\hercules_prere\vcproj-16\plugin-hpmhooking_login\release\plugin-h.544ad8e8.tlog\cl.command.1.tlog
d:\downloads\01_emulator\hercules_prere\vcproj-16\plugin-hpmhooking_login\release\plugin-h.544ad8e8.tlog\cl.read.1.tlog
d:\downloads\01_emulator\hercules_prere\vcproj-16\plugin-hpmhooking_login\release\plugin-h.544ad8e8.tlog\cl.write.1.tlog
d:\downloads\01_emulator\hercules_prere\vcproj-16\plugin-hpmhooking_login\release\plugin-h.544ad8e8.tlog\link.command.1.tlog
d:\downloads\01_emulator\hercules_prere\vcproj-16\plugin-hpmhooking_login\release\plugin-h.544ad8e8.tlog\link.delete.1.tlog
d:\downloads\01_emulator\hercules_prere\vcproj-16\plugin-hpmhooking_login\release\plugin-h.544ad8e8.tlog\link.read.1.tlog
d:\downloads\01_emulator\hercules_prere\vcproj-16\plugin-hpmhooking_login\release\plugin-h.544ad8e8.tlog\link.write.1.tlog
d:\downloads\01_emulator\hercules_prere\vcproj-16\plugin-hpmhooking_login\release\plugin-h.544ad8e8.tlog\plugin-hpmhooking_login.write.1u.tlog
