  grammar.c
  libconfig.c
  scanctx.c
  scanner.c
  strbuf.c
  mt19937ar.c
  int_rodex.c
  conf.c
  core.c
  packets.c
  console.c
  db.c
  des.c
  ers.c
  grfio.c
  HPM.c
  memmgr.c
  mapindex.c
  md5calc.c
  mutex.c
  nullpo.c
  random.c
  showmsg.c
  socket.c
  sql.c
  strlib.c
  sysinfo.c
  thread.c
  timer.c
  utils.c
  HPMchar.c
  char.c
  geoip.c
  int_achievement.c
  int_auction.c
  int_clan.c
  int_elemental.c
  int_guild.c
  int_homun.c
  int_mail.c
  int_mercenary.c
  int_party.c
  int_pet.c
  int_quest.c
  int_storage.c
  inter.c
  loginif.c
  mapif.c
  pincode.c
     Creating library ..\char-server.lib and object ..\char-server.exp
  char-server.vcxproj -> D:\Ragnarok Offline Pack 2020 (hercules)\01_emulator\01_emulator\hercules_PRERE\vcproj-15\..\char-server.exe
