d:\ro_offline\ragnarok offline pack 2019 (hercules)\01_emulator\01_emulator\hercules_prere\vcproj-16\login-server\debug\libconfig.obj
d:\ro_offline\ragnarok offline pack 2019 (hercules)\01_emulator\01_emulator\hercules_prere\vcproj-16\login-server\debug\mutex.obj
d:\ro_offline\ragnarok offline pack 2019 (hercules)\01_emulator\01_emulator\hercules_prere\vcproj-16\login-server\debug\ipban.obj
d:\ro_offline\ragnarok offline pack 2019 (hercules)\01_emulator\01_emulator\hercules_prere\vcproj-16\login-server\debug\loginlog.obj
d:\ro_offline\ragnarok offline pack 2019 (hercules)\01_emulator\01_emulator\hercules_prere\vcproj-16\login-server\debug\db.obj
d:\ro_offline\ragnarok offline pack 2019 (hercules)\01_emulator\01_emulator\hercules_prere\vcproj-16\login-server\debug\hpm.obj
d:\ro_offline\ragnarok offline pack 2019 (hercules)\01_emulator\01_emulator\hercules_prere\vcproj-16\login-server\debug\sql.obj
d:\ro_offline\ragnarok offline pack 2019 (hercules)\01_emulator\01_emulator\hercules_prere\vcproj-16\login-server\debug\mt19937ar.obj
d:\ro_offline\ragnarok offline pack 2019 (hercules)\01_emulator\01_emulator\hercules_prere\vcproj-16\login-server\debug\scanctx.obj
d:\ro_offline\ragnarok offline pack 2019 (hercules)\01_emulator\01_emulator\hercules_prere\vcproj-16\login-server\debug\des.obj
d:\ro_offline\ragnarok offline pack 2019 (hercules)\01_emulator\01_emulator\hercules_prere\vcproj-16\login-server\debug\hpmlogin.obj
d:\ro_offline\ragnarok offline pack 2019 (hercules)\01_emulator\01_emulator\hercules_prere\vcproj-16\login-server\debug\conf.obj
d:\ro_offline\ragnarok offline pack 2019 (hercules)\01_emulator\01_emulator\hercules_prere\vcproj-16\login-server\debug\core.obj
d:\ro_offline\ragnarok offline pack 2019 (hercules)\01_emulator\01_emulator\hercules_prere\vcproj-16\login-server\debug\grfio.obj
d:\ro_offline\ragnarok offline pack 2019 (hercules)\01_emulator\01_emulator\hercules_prere\vcproj-16\login-server\debug\md5calc.obj
d:\ro_offline\ragnarok offline pack 2019 (hercules)\01_emulator\01_emulator\hercules_prere\vcproj-16\login-server\debug\showmsg.obj
d:\ro_offline\ragnarok offline pack 2019 (hercules)\01_emulator\01_emulator\hercules_prere\vcproj-16\login-server\debug\strlib.obj
d:\ro_offline\ragnarok offline pack 2019 (hercules)\01_emulator\01_emulator\hercules_prere\vcproj-16\login-server\debug\utils.obj
d:\ro_offline\ragnarok offline pack 2019 (hercules)\01_emulator\01_emulator\hercules_prere\vcproj-16\login-server\debug\grammar.obj
d:\ro_offline\ragnarok offline pack 2019 (hercules)\01_emulator\01_emulator\hercules_prere\vcproj-16\login-server\debug\strbuf.obj
d:\ro_offline\ragnarok offline pack 2019 (hercules)\01_emulator\01_emulator\hercules_prere\vcproj-16\login-server\debug\account.obj
d:\ro_offline\ragnarok offline pack 2019 (hercules)\01_emulator\01_emulator\hercules_prere\vcproj-16\login-server\debug\login.obj
d:\ro_offline\ragnarok offline pack 2019 (hercules)\01_emulator\01_emulator\hercules_prere\vcproj-16\login-server\debug\console.obj
d:\ro_offline\ragnarok offline pack 2019 (hercules)\01_emulator\01_emulator\hercules_prere\vcproj-16\login-server\debug\random.obj
d:\ro_offline\ragnarok offline pack 2019 (hercules)\01_emulator\01_emulator\hercules_prere\vcproj-16\login-server\debug\sysinfo.obj
d:\ro_offline\ragnarok offline pack 2019 (hercules)\01_emulator\01_emulator\hercules_prere\vcproj-16\login-server\debug\scanner.obj
d:\ro_offline\ragnarok offline pack 2019 (hercules)\01_emulator\01_emulator\hercules_prere\vcproj-16\login-server\debug\thread.obj
d:\ro_offline\ragnarok offline pack 2019 (hercules)\01_emulator\01_emulator\hercules_prere\vcproj-16\login-server\debug\lclif.obj
d:\ro_offline\ragnarok offline pack 2019 (hercules)\01_emulator\01_emulator\hercules_prere\vcproj-16\login-server\debug\packets.obj
d:\ro_offline\ragnarok offline pack 2019 (hercules)\01_emulator\01_emulator\hercules_prere\vcproj-16\login-server\debug\ers.obj
d:\ro_offline\ragnarok offline pack 2019 (hercules)\01_emulator\01_emulator\hercules_prere\vcproj-16\login-server\debug\memmgr.obj
d:\ro_offline\ragnarok offline pack 2019 (hercules)\01_emulator\01_emulator\hercules_prere\vcproj-16\login-server\debug\nullpo.obj
d:\ro_offline\ragnarok offline pack 2019 (hercules)\01_emulator\01_emulator\hercules_prere\vcproj-16\login-server\debug\socket.obj
d:\ro_offline\ragnarok offline pack 2019 (hercules)\01_emulator\01_emulator\hercules_prere\vcproj-16\login-server\debug\timer.obj
d:\ro_offline\ragnarok offline pack 2019 (hercules)\01_emulator\01_emulator\hercules_prere\vcproj-16\login-server\debug\vc142.pdb
d:\ro_offline\ragnarok offline pack 2019 (hercules)\01_emulator\01_emulator\hercules_prere\login-server.ilk
d:\ro_offline\ragnarok offline pack 2019 (hercules)\01_emulator\01_emulator\hercules_prere\login-server.exe
d:\ro_offline\ragnarok offline pack 2019 (hercules)\01_emulator\01_emulator\hercules_prere\login-server.pdb
d:\ro_offline\ragnarok offline pack 2019 (hercules)\01_emulator\01_emulator\hercules_prere\login-server.lib
d:\ro_offline\ragnarok offline pack 2019 (hercules)\01_emulator\01_emulator\hercules_prere\login-server.exp
d:\downloads\compressed\01_emulator\hercules_prere\vcproj-16\login-server\debug\account.obj
d:\downloads\compressed\01_emulator\hercules_prere\vcproj-16\login-server\debug\conf.obj
d:\downloads\compressed\01_emulator\hercules_prere\vcproj-16\login-server\debug\console.obj
d:\downloads\compressed\01_emulator\hercules_prere\vcproj-16\login-server\debug\core.obj
d:\downloads\compressed\01_emulator\hercules_prere\vcproj-16\login-server\debug\db.obj
d:\downloads\compressed\01_emulator\hercules_prere\vcproj-16\login-server\debug\des.obj
d:\downloads\compressed\01_emulator\hercules_prere\vcproj-16\login-server\debug\ers.obj
d:\downloads\compressed\01_emulator\hercules_prere\vcproj-16\login-server\debug\grammar.obj
d:\downloads\compressed\01_emulator\hercules_prere\vcproj-16\login-server\debug\grfio.obj
d:\downloads\compressed\01_emulator\hercules_prere\vcproj-16\login-server\debug\hpm.obj
d:\downloads\compressed\01_emulator\hercules_prere\vcproj-16\login-server\debug\hpmlogin.obj
d:\downloads\compressed\01_emulator\hercules_prere\vcproj-16\login-server\debug\ipban.obj
d:\downloads\compressed\01_emulator\hercules_prere\vcproj-16\login-server\debug\lclif.obj
d:\downloads\compressed\01_emulator\hercules_prere\vcproj-16\login-server\debug\libconfig.obj
d:\downloads\compressed\01_emulator\hercules_prere\vcproj-16\login-server\debug\login.obj
d:\downloads\compressed\01_emulator\hercules_prere\vcproj-16\login-server\debug\loginlog.obj
d:\downloads\compressed\01_emulator\hercules_prere\vcproj-16\login-server\debug\md5calc.obj
d:\downloads\compressed\01_emulator\hercules_prere\vcproj-16\login-server\debug\memmgr.obj
d:\downloads\compressed\01_emulator\hercules_prere\vcproj-16\login-server\debug\mt19937ar.obj
d:\downloads\compressed\01_emulator\hercules_prere\vcproj-16\login-server\debug\mutex.obj
d:\downloads\compressed\01_emulator\hercules_prere\vcproj-16\login-server\debug\nullpo.obj
d:\downloads\compressed\01_emulator\hercules_prere\vcproj-16\login-server\debug\packets.obj
d:\downloads\compressed\01_emulator\hercules_prere\vcproj-16\login-server\debug\random.obj
d:\downloads\compressed\01_emulator\hercules_prere\vcproj-16\login-server\debug\scanctx.obj
d:\downloads\compressed\01_emulator\hercules_prere\vcproj-16\login-server\debug\scanner.obj
d:\downloads\compressed\01_emulator\hercules_prere\vcproj-16\login-server\debug\showmsg.obj
d:\downloads\compressed\01_emulator\hercules_prere\vcproj-16\login-server\debug\socket.obj
d:\downloads\compressed\01_emulator\hercules_prere\vcproj-16\login-server\debug\sql.obj
d:\downloads\compressed\01_emulator\hercules_prere\vcproj-16\login-server\debug\strbuf.obj
d:\downloads\compressed\01_emulator\hercules_prere\vcproj-16\login-server\debug\strlib.obj
d:\downloads\compressed\01_emulator\hercules_prere\vcproj-16\login-server\debug\sysinfo.obj
d:\downloads\compressed\01_emulator\hercules_prere\vcproj-16\login-server\debug\thread.obj
d:\downloads\compressed\01_emulator\hercules_prere\vcproj-16\login-server\debug\timer.obj
d:\downloads\compressed\01_emulator\hercules_prere\vcproj-16\login-server\debug\utils.obj
d:\downloads\compressed\01_emulator\hercules_prere\vcproj-16\login-server\debug\vc142.idb
d:\downloads\compressed\01_emulator\hercules_prere\vcproj-16\login-server\debug\vc142.pdb
d:\downloads\compressed\01_emulator\hercules_prere\vcproj-16\..\login-server.exe
d:\downloads\compressed\01_emulator\hercules_prere\vcproj-16\login-server\debug\login-server.tlog\cl.4424.write.1.tlog
d:\downloads\compressed\01_emulator\hercules_prere\vcproj-16\login-server\debug\login-server.tlog\cl.command.1.tlog
d:\downloads\compressed\01_emulator\hercules_prere\vcproj-16\login-server\debug\login-server.tlog\cl.read.1.tlog
d:\downloads\compressed\01_emulator\hercules_prere\vcproj-16\login-server\debug\login-server.tlog\link.command.1.tlog
d:\downloads\compressed\01_emulator\hercules_prere\vcproj-16\login-server\debug\login-server.tlog\link.read.1.tlog
d:\downloads\compressed\01_emulator\hercules_prere\vcproj-16\login-server\debug\login-server.tlog\link.write.1.tlog
d:\downloads\compressed\01_emulator\hercules_prere\vcproj-16\login-server\debug\login-server.tlog\login-server.write.1u.tlog
