d:\ro_offline\ragnarok offline pack 2019 (hercules)\01_emulator\01_emulator\hercules_prere\vcproj-16\map-server\debug\grammar.obj
d:\ro_offline\ragnarok offline pack 2019 (hercules)\01_emulator\01_emulator\hercules_prere\vcproj-16\map-server\debug\conf.obj
d:\ro_offline\ragnarok offline pack 2019 (hercules)\01_emulator\01_emulator\hercules_prere\vcproj-16\map-server\debug\db.obj
d:\ro_offline\ragnarok offline pack 2019 (hercules)\01_emulator\01_emulator\hercules_prere\vcproj-16\map-server\debug\ers.obj
d:\ro_offline\ragnarok offline pack 2019 (hercules)\01_emulator\01_emulator\hercules_prere\vcproj-16\map-server\debug\hpm.obj
d:\ro_offline\ragnarok offline pack 2019 (hercules)\01_emulator\01_emulator\hercules_prere\vcproj-16\map-server\debug\socket.obj
d:\ro_offline\ragnarok offline pack 2019 (hercules)\01_emulator\01_emulator\hercules_prere\vcproj-16\map-server\debug\timer.obj
d:\ro_offline\ragnarok offline pack 2019 (hercules)\01_emulator\01_emulator\hercules_prere\vcproj-16\map-server\debug\battle.obj
d:\ro_offline\ragnarok offline pack 2019 (hercules)\01_emulator\01_emulator\hercules_prere\vcproj-16\map-server\debug\channel.obj
d:\ro_offline\ragnarok offline pack 2019 (hercules)\01_emulator\01_emulator\hercules_prere\vcproj-16\map-server\debug\date.obj
d:\ro_offline\ragnarok offline pack 2019 (hercules)\01_emulator\01_emulator\hercules_prere\vcproj-16\map-server\debug\elemental.obj
d:\ro_offline\ragnarok offline pack 2019 (hercules)\01_emulator\01_emulator\hercules_prere\vcproj-16\map-server\debug\itemdb.obj
d:\ro_offline\ragnarok offline pack 2019 (hercules)\01_emulator\01_emulator\hercules_prere\vcproj-16\map-server\debug\instance.obj
d:\ro_offline\ragnarok offline pack 2019 (hercules)\01_emulator\01_emulator\hercules_prere\vcproj-16\map-server\debug\npc.obj
d:\ro_offline\ragnarok offline pack 2019 (hercules)\01_emulator\01_emulator\hercules_prere\vcproj-16\map-server\debug\pet.obj
d:\ro_offline\ragnarok offline pack 2019 (hercules)\01_emulator\01_emulator\hercules_prere\vcproj-16\map-server\debug\rodex.obj
d:\ro_offline\ragnarok offline pack 2019 (hercules)\01_emulator\01_emulator\hercules_prere\vcproj-16\map-server\debug\script.obj
d:\ro_offline\ragnarok offline pack 2019 (hercules)\01_emulator\01_emulator\hercules_prere\vcproj-16\map-server\debug\libconfig.obj
d:\ro_offline\ragnarok offline pack 2019 (hercules)\01_emulator\01_emulator\hercules_prere\vcproj-16\map-server\debug\strbuf.obj
d:\ro_offline\ragnarok offline pack 2019 (hercules)\01_emulator\01_emulator\hercules_prere\vcproj-16\map-server\debug\console.obj
d:\ro_offline\ragnarok offline pack 2019 (hercules)\01_emulator\01_emulator\hercules_prere\vcproj-16\map-server\debug\md5calc.obj
d:\ro_offline\ragnarok offline pack 2019 (hercules)\01_emulator\01_emulator\hercules_prere\vcproj-16\map-server\debug\random.obj
d:\ro_offline\ragnarok offline pack 2019 (hercules)\01_emulator\01_emulator\hercules_prere\vcproj-16\map-server\debug\strlib.obj
d:\ro_offline\ragnarok offline pack 2019 (hercules)\01_emulator\01_emulator\hercules_prere\vcproj-16\map-server\debug\thread.obj
d:\ro_offline\ragnarok offline pack 2019 (hercules)\01_emulator\01_emulator\hercules_prere\vcproj-16\map-server\debug\achievement.obj
d:\ro_offline\ragnarok offline pack 2019 (hercules)\01_emulator\01_emulator\hercules_prere\vcproj-16\map-server\debug\battleground.obj
d:\ro_offline\ragnarok offline pack 2019 (hercules)\01_emulator\01_emulator\hercules_prere\vcproj-16\map-server\debug\chat.obj
d:\ro_offline\ragnarok offline pack 2019 (hercules)\01_emulator\01_emulator\hercules_prere\vcproj-16\map-server\debug\clif.obj
d:\ro_offline\ragnarok offline pack 2019 (hercules)\01_emulator\01_emulator\hercules_prere\vcproj-16\map-server\debug\irc-bot.obj
d:\ro_offline\ragnarok offline pack 2019 (hercules)\01_emulator\01_emulator\hercules_prere\vcproj-16\map-server\debug\mapreg_sql.obj
d:\ro_offline\ragnarok offline pack 2019 (hercules)\01_emulator\01_emulator\hercules_prere\vcproj-16\map-server\debug\homunculus.obj
d:\ro_offline\ragnarok offline pack 2019 (hercules)\01_emulator\01_emulator\hercules_prere\vcproj-16\map-server\debug\mob.obj
d:\ro_offline\ragnarok offline pack 2019 (hercules)\01_emulator\01_emulator\hercules_prere\vcproj-16\map-server\debug\pc.obj
d:\ro_offline\ragnarok offline pack 2019 (hercules)\01_emulator\01_emulator\hercules_prere\vcproj-16\map-server\debug\skill.obj
d:\ro_offline\ragnarok offline pack 2019 (hercules)\01_emulator\01_emulator\hercules_prere\vcproj-16\map-server\debug\vending.obj
d:\ro_offline\ragnarok offline pack 2019 (hercules)\01_emulator\01_emulator\hercules_prere\vcproj-16\map-server\debug\scanctx.obj
d:\ro_offline\ragnarok offline pack 2019 (hercules)\01_emulator\01_emulator\hercules_prere\vcproj-16\map-server\debug\mt19937ar.obj
d:\ro_offline\ragnarok offline pack 2019 (hercules)\01_emulator\01_emulator\hercules_prere\vcproj-16\map-server\debug\packets.obj
d:\ro_offline\ragnarok offline pack 2019 (hercules)\01_emulator\01_emulator\hercules_prere\vcproj-16\map-server\debug\des.obj
d:\ro_offline\ragnarok offline pack 2019 (hercules)\01_emulator\01_emulator\hercules_prere\vcproj-16\map-server\debug\grfio.obj
d:\ro_offline\ragnarok offline pack 2019 (hercules)\01_emulator\01_emulator\hercules_prere\vcproj-16\map-server\debug\memmgr.obj
d:\ro_offline\ragnarok offline pack 2019 (hercules)\01_emulator\01_emulator\hercules_prere\vcproj-16\map-server\debug\mutex.obj
d:\ro_offline\ragnarok offline pack 2019 (hercules)\01_emulator\01_emulator\hercules_prere\vcproj-16\map-server\debug\sql.obj
d:\ro_offline\ragnarok offline pack 2019 (hercules)\01_emulator\01_emulator\hercules_prere\vcproj-16\map-server\debug\utils.obj
d:\ro_offline\ragnarok offline pack 2019 (hercules)\01_emulator\01_emulator\hercules_prere\vcproj-16\map-server\debug\buyingstore.obj
d:\ro_offline\ragnarok offline pack 2019 (hercules)\01_emulator\01_emulator\hercules_prere\vcproj-16\map-server\debug\chrif.obj
d:\ro_offline\ragnarok offline pack 2019 (hercules)\01_emulator\01_emulator\hercules_prere\vcproj-16\map-server\debug\duel.obj
d:\ro_offline\ragnarok offline pack 2019 (hercules)\01_emulator\01_emulator\hercules_prere\vcproj-16\map-server\debug\intif.obj
d:\ro_offline\ragnarok offline pack 2019 (hercules)\01_emulator\01_emulator\hercules_prere\vcproj-16\map-server\debug\mail.obj
d:\ro_offline\ragnarok offline pack 2019 (hercules)\01_emulator\01_emulator\hercules_prere\vcproj-16\map-server\debug\map.obj
d:\ro_offline\ragnarok offline pack 2019 (hercules)\01_emulator\01_emulator\hercules_prere\vcproj-16\map-server\debug\mercenary.obj
d:\ro_offline\ragnarok offline pack 2019 (hercules)\01_emulator\01_emulator\hercules_prere\vcproj-16\map-server\debug\path.obj
d:\ro_offline\ragnarok offline pack 2019 (hercules)\01_emulator\01_emulator\hercules_prere\vcproj-16\map-server\debug\pc_groups.obj
d:\ro_offline\ragnarok offline pack 2019 (hercules)\01_emulator\01_emulator\hercules_prere\vcproj-16\map-server\debug\quest.obj
d:\ro_offline\ragnarok offline pack 2019 (hercules)\01_emulator\01_emulator\hercules_prere\vcproj-16\map-server\debug\storage.obj
d:\ro_offline\ragnarok offline pack 2019 (hercules)\01_emulator\01_emulator\hercules_prere\vcproj-16\map-server\debug\stylist.obj
d:\ro_offline\ragnarok offline pack 2019 (hercules)\01_emulator\01_emulator\hercules_prere\vcproj-16\map-server\debug\unit.obj
d:\ro_offline\ragnarok offline pack 2019 (hercules)\01_emulator\01_emulator\hercules_prere\vcproj-16\map-server\debug\scanner.obj
d:\ro_offline\ragnarok offline pack 2019 (hercules)\01_emulator\01_emulator\hercules_prere\vcproj-16\map-server\debug\core.obj
d:\ro_offline\ragnarok offline pack 2019 (hercules)\01_emulator\01_emulator\hercules_prere\vcproj-16\map-server\debug\mapindex.obj
d:\ro_offline\ragnarok offline pack 2019 (hercules)\01_emulator\01_emulator\hercules_prere\vcproj-16\map-server\debug\nullpo.obj
d:\ro_offline\ragnarok offline pack 2019 (hercules)\01_emulator\01_emulator\hercules_prere\vcproj-16\map-server\debug\showmsg.obj
d:\ro_offline\ragnarok offline pack 2019 (hercules)\01_emulator\01_emulator\hercules_prere\vcproj-16\map-server\debug\sysinfo.obj
d:\ro_offline\ragnarok offline pack 2019 (hercules)\01_emulator\01_emulator\hercules_prere\vcproj-16\map-server\debug\atcommand.obj
d:\ro_offline\ragnarok offline pack 2019 (hercules)\01_emulator\01_emulator\hercules_prere\vcproj-16\map-server\debug\clan.obj
d:\ro_offline\ragnarok offline pack 2019 (hercules)\01_emulator\01_emulator\hercules_prere\vcproj-16\map-server\debug\guild.obj
d:\ro_offline\ragnarok offline pack 2019 (hercules)\01_emulator\01_emulator\hercules_prere\vcproj-16\map-server\debug\log.obj
d:\ro_offline\ragnarok offline pack 2019 (hercules)\01_emulator\01_emulator\hercules_prere\vcproj-16\map-server\debug\hpmmap.obj
d:\ro_offline\ragnarok offline pack 2019 (hercules)\01_emulator\01_emulator\hercules_prere\vcproj-16\map-server\debug\npc_chat.obj
d:\ro_offline\ragnarok offline pack 2019 (hercules)\01_emulator\01_emulator\hercules_prere\vcproj-16\map-server\debug\party.obj
d:\ro_offline\ragnarok offline pack 2019 (hercules)\01_emulator\01_emulator\hercules_prere\vcproj-16\map-server\debug\refine.obj
d:\ro_offline\ragnarok offline pack 2019 (hercules)\01_emulator\01_emulator\hercules_prere\vcproj-16\map-server\debug\searchstore.obj
d:\ro_offline\ragnarok offline pack 2019 (hercules)\01_emulator\01_emulator\hercules_prere\vcproj-16\map-server\debug\status.obj
d:\ro_offline\ragnarok offline pack 2019 (hercules)\01_emulator\01_emulator\hercules_prere\vcproj-16\map-server\debug\trade.obj
d:\ro_offline\ragnarok offline pack 2019 (hercules)\01_emulator\01_emulator\hercules_prere\vcproj-16\map-server\debug\vc142.pdb
d:\ro_offline\ragnarok offline pack 2019 (hercules)\01_emulator\01_emulator\hercules_prere\map-server.ilk
d:\ro_offline\ragnarok offline pack 2019 (hercules)\01_emulator\01_emulator\hercules_prere\map-server.exe
d:\ro_offline\ragnarok offline pack 2019 (hercules)\01_emulator\01_emulator\hercules_prere\map-server.pdb
d:\ro_offline\ragnarok offline pack 2019 (hercules)\01_emulator\01_emulator\hercules_prere\map-server.lib
d:\ro_offline\ragnarok offline pack 2019 (hercules)\01_emulator\01_emulator\hercules_prere\map-server.exp
d:\downloads\compressed\01_emulator\hercules_prere\vcproj-16\map-server\debug\achievement.obj
d:\downloads\compressed\01_emulator\hercules_prere\vcproj-16\map-server\debug\atcommand.obj
d:\downloads\compressed\01_emulator\hercules_prere\vcproj-16\map-server\debug\battle.obj
d:\downloads\compressed\01_emulator\hercules_prere\vcproj-16\map-server\debug\battleground.obj
d:\downloads\compressed\01_emulator\hercules_prere\vcproj-16\map-server\debug\buyingstore.obj
d:\downloads\compressed\01_emulator\hercules_prere\vcproj-16\map-server\debug\channel.obj
d:\downloads\compressed\01_emulator\hercules_prere\vcproj-16\map-server\debug\chat.obj
d:\downloads\compressed\01_emulator\hercules_prere\vcproj-16\map-server\debug\chrif.obj
d:\downloads\compressed\01_emulator\hercules_prere\vcproj-16\map-server\debug\clan.obj
d:\downloads\compressed\01_emulator\hercules_prere\vcproj-16\map-server\debug\clif.obj
d:\downloads\compressed\01_emulator\hercules_prere\vcproj-16\map-server\debug\conf.obj
d:\downloads\compressed\01_emulator\hercules_prere\vcproj-16\map-server\debug\console.obj
d:\downloads\compressed\01_emulator\hercules_prere\vcproj-16\map-server\debug\core.obj
d:\downloads\compressed\01_emulator\hercules_prere\vcproj-16\map-server\debug\date.obj
d:\downloads\compressed\01_emulator\hercules_prere\vcproj-16\map-server\debug\db.obj
d:\downloads\compressed\01_emulator\hercules_prere\vcproj-16\map-server\debug\des.obj
d:\downloads\compressed\01_emulator\hercules_prere\vcproj-16\map-server\debug\duel.obj
d:\downloads\compressed\01_emulator\hercules_prere\vcproj-16\map-server\debug\elemental.obj
d:\downloads\compressed\01_emulator\hercules_prere\vcproj-16\map-server\debug\ers.obj
d:\downloads\compressed\01_emulator\hercules_prere\vcproj-16\map-server\debug\grammar.obj
d:\downloads\compressed\01_emulator\hercules_prere\vcproj-16\map-server\debug\grfio.obj
d:\downloads\compressed\01_emulator\hercules_prere\vcproj-16\map-server\debug\guild.obj
d:\downloads\compressed\01_emulator\hercules_prere\vcproj-16\map-server\debug\homunculus.obj
d:\downloads\compressed\01_emulator\hercules_prere\vcproj-16\map-server\debug\hpm.obj
d:\downloads\compressed\01_emulator\hercules_prere\vcproj-16\map-server\debug\hpmmap.obj
d:\downloads\compressed\01_emulator\hercules_prere\vcproj-16\map-server\debug\instance.obj
d:\downloads\compressed\01_emulator\hercules_prere\vcproj-16\map-server\debug\intif.obj
d:\downloads\compressed\01_emulator\hercules_prere\vcproj-16\map-server\debug\irc-bot.obj
d:\downloads\compressed\01_emulator\hercules_prere\vcproj-16\map-server\debug\itemdb.obj
d:\downloads\compressed\01_emulator\hercules_prere\vcproj-16\map-server\debug\libconfig.obj
d:\downloads\compressed\01_emulator\hercules_prere\vcproj-16\map-server\debug\log.obj
d:\downloads\compressed\01_emulator\hercules_prere\vcproj-16\map-server\debug\mail.obj
d:\downloads\compressed\01_emulator\hercules_prere\vcproj-16\map-server\debug\map.obj
d:\downloads\compressed\01_emulator\hercules_prere\vcproj-16\map-server\debug\mapindex.obj
d:\downloads\compressed\01_emulator\hercules_prere\vcproj-16\map-server\debug\mapreg_sql.obj
d:\downloads\compressed\01_emulator\hercules_prere\vcproj-16\map-server\debug\md5calc.obj
d:\downloads\compressed\01_emulator\hercules_prere\vcproj-16\map-server\debug\memmgr.obj
d:\downloads\compressed\01_emulator\hercules_prere\vcproj-16\map-server\debug\mercenary.obj
d:\downloads\compressed\01_emulator\hercules_prere\vcproj-16\map-server\debug\mob.obj
d:\downloads\compressed\01_emulator\hercules_prere\vcproj-16\map-server\debug\mt19937ar.obj
d:\downloads\compressed\01_emulator\hercules_prere\vcproj-16\map-server\debug\mutex.obj
d:\downloads\compressed\01_emulator\hercules_prere\vcproj-16\map-server\debug\npc.obj
d:\downloads\compressed\01_emulator\hercules_prere\vcproj-16\map-server\debug\npc_chat.obj
d:\downloads\compressed\01_emulator\hercules_prere\vcproj-16\map-server\debug\nullpo.obj
d:\downloads\compressed\01_emulator\hercules_prere\vcproj-16\map-server\debug\packets.obj
d:\downloads\compressed\01_emulator\hercules_prere\vcproj-16\map-server\debug\party.obj
d:\downloads\compressed\01_emulator\hercules_prere\vcproj-16\map-server\debug\path.obj
d:\downloads\compressed\01_emulator\hercules_prere\vcproj-16\map-server\debug\pc.obj
d:\downloads\compressed\01_emulator\hercules_prere\vcproj-16\map-server\debug\pc_groups.obj
d:\downloads\compressed\01_emulator\hercules_prere\vcproj-16\map-server\debug\pet.obj
d:\downloads\compressed\01_emulator\hercules_prere\vcproj-16\map-server\debug\quest.obj
d:\downloads\compressed\01_emulator\hercules_prere\vcproj-16\map-server\debug\random.obj
d:\downloads\compressed\01_emulator\hercules_prere\vcproj-16\map-server\debug\refine.obj
d:\downloads\compressed\01_emulator\hercules_prere\vcproj-16\map-server\debug\rodex.obj
d:\downloads\compressed\01_emulator\hercules_prere\vcproj-16\map-server\debug\scanctx.obj
d:\downloads\compressed\01_emulator\hercules_prere\vcproj-16\map-server\debug\scanner.obj
d:\downloads\compressed\01_emulator\hercules_prere\vcproj-16\map-server\debug\script.obj
d:\downloads\compressed\01_emulator\hercules_prere\vcproj-16\map-server\debug\searchstore.obj
d:\downloads\compressed\01_emulator\hercules_prere\vcproj-16\map-server\debug\showmsg.obj
d:\downloads\compressed\01_emulator\hercules_prere\vcproj-16\map-server\debug\skill.obj
d:\downloads\compressed\01_emulator\hercules_prere\vcproj-16\map-server\debug\socket.obj
d:\downloads\compressed\01_emulator\hercules_prere\vcproj-16\map-server\debug\sql.obj
d:\downloads\compressed\01_emulator\hercules_prere\vcproj-16\map-server\debug\status.obj
d:\downloads\compressed\01_emulator\hercules_prere\vcproj-16\map-server\debug\storage.obj
d:\downloads\compressed\01_emulator\hercules_prere\vcproj-16\map-server\debug\strbuf.obj
d:\downloads\compressed\01_emulator\hercules_prere\vcproj-16\map-server\debug\strlib.obj
d:\downloads\compressed\01_emulator\hercules_prere\vcproj-16\map-server\debug\stylist.obj
d:\downloads\compressed\01_emulator\hercules_prere\vcproj-16\map-server\debug\sysinfo.obj
d:\downloads\compressed\01_emulator\hercules_prere\vcproj-16\map-server\debug\thread.obj
d:\downloads\compressed\01_emulator\hercules_prere\vcproj-16\map-server\debug\timer.obj
d:\downloads\compressed\01_emulator\hercules_prere\vcproj-16\map-server\debug\trade.obj
d:\downloads\compressed\01_emulator\hercules_prere\vcproj-16\map-server\debug\unit.obj
d:\downloads\compressed\01_emulator\hercules_prere\vcproj-16\map-server\debug\utils.obj
d:\downloads\compressed\01_emulator\hercules_prere\vcproj-16\map-server\debug\vending.obj
d:\downloads\compressed\01_emulator\hercules_prere\vcproj-16\map-server\debug\vc142.idb
d:\downloads\compressed\01_emulator\hercules_prere\vcproj-16\map-server\debug\vc142.pdb
d:\downloads\compressed\01_emulator\hercules_prere\vcproj-16\..\map-server.exe
d:\downloads\compressed\01_emulator\hercules_prere\vcproj-16\map-server\debug\map-server.tlog\cl.10528.write.1.tlog
d:\downloads\compressed\01_emulator\hercules_prere\vcproj-16\map-server\debug\map-server.tlog\cl.command.1.tlog
d:\downloads\compressed\01_emulator\hercules_prere\vcproj-16\map-server\debug\map-server.tlog\cl.read.1.tlog
d:\downloads\compressed\01_emulator\hercules_prere\vcproj-16\map-server\debug\map-server.tlog\link.command.1.tlog
d:\downloads\compressed\01_emulator\hercules_prere\vcproj-16\map-server\debug\map-server.tlog\link.read.1.tlog
d:\downloads\compressed\01_emulator\hercules_prere\vcproj-16\map-server\debug\map-server.tlog\link.write.1.tlog
d:\downloads\compressed\01_emulator\hercules_prere\vcproj-16\map-server\debug\map-server.tlog\map-server.write.1u.tlog
