d:\ro_offline\ragnarok offline pack 2019 (hercules)\01_emulator\01_emulator\hercules_prere\char-server.lib
d:\ro_offline\ragnarok offline pack 2019 (hercules)\01_emulator\01_emulator\hercules_prere\char-server.exp
d:\ro_offline\ragnarok offline pack 2019 (hercules)\01_emulator\01_emulator\hercules_prere\vcproj-16\char-server\debug\grammar.obj
d:\ro_offline\ragnarok offline pack 2019 (hercules)\01_emulator\01_emulator\hercules_prere\vcproj-16\char-server\debug\int_rodex.obj
d:\ro_offline\ragnarok offline pack 2019 (hercules)\01_emulator\01_emulator\hercules_prere\vcproj-16\char-server\debug\grfio.obj
d:\ro_offline\ragnarok offline pack 2019 (hercules)\01_emulator\01_emulator\hercules_prere\vcproj-16\char-server\debug\md5calc.obj
d:\ro_offline\ragnarok offline pack 2019 (hercules)\01_emulator\01_emulator\hercules_prere\vcproj-16\char-server\debug\random.obj
d:\ro_offline\ragnarok offline pack 2019 (hercules)\01_emulator\01_emulator\hercules_prere\vcproj-16\char-server\debug\strlib.obj
d:\ro_offline\ragnarok offline pack 2019 (hercules)\01_emulator\01_emulator\hercules_prere\vcproj-16\char-server\debug\sysinfo.obj
d:\ro_offline\ragnarok offline pack 2019 (hercules)\01_emulator\01_emulator\hercules_prere\vcproj-16\char-server\debug\geoip.obj
d:\ro_offline\ragnarok offline pack 2019 (hercules)\01_emulator\01_emulator\hercules_prere\vcproj-16\char-server\debug\int_auction.obj
d:\ro_offline\ragnarok offline pack 2019 (hercules)\01_emulator\01_emulator\hercules_prere\vcproj-16\char-server\debug\int_homun.obj
d:\ro_offline\ragnarok offline pack 2019 (hercules)\01_emulator\01_emulator\hercules_prere\vcproj-16\char-server\debug\int_pet.obj
d:\ro_offline\ragnarok offline pack 2019 (hercules)\01_emulator\01_emulator\hercules_prere\vcproj-16\char-server\debug\loginif.obj
d:\ro_offline\ragnarok offline pack 2019 (hercules)\01_emulator\01_emulator\hercules_prere\vcproj-16\char-server\debug\scanctx.obj
d:\ro_offline\ragnarok offline pack 2019 (hercules)\01_emulator\01_emulator\hercules_prere\vcproj-16\char-server\debug\strbuf.obj
d:\ro_offline\ragnarok offline pack 2019 (hercules)\01_emulator\01_emulator\hercules_prere\vcproj-16\char-server\debug\packets.obj
d:\ro_offline\ragnarok offline pack 2019 (hercules)\01_emulator\01_emulator\hercules_prere\vcproj-16\char-server\debug\db.obj
d:\ro_offline\ragnarok offline pack 2019 (hercules)\01_emulator\01_emulator\hercules_prere\vcproj-16\char-server\debug\des.obj
d:\ro_offline\ragnarok offline pack 2019 (hercules)\01_emulator\01_emulator\hercules_prere\vcproj-16\char-server\debug\ers.obj
d:\ro_offline\ragnarok offline pack 2019 (hercules)\01_emulator\01_emulator\hercules_prere\vcproj-16\char-server\debug\memmgr.obj
d:\ro_offline\ragnarok offline pack 2019 (hercules)\01_emulator\01_emulator\hercules_prere\vcproj-16\char-server\debug\mutex.obj
d:\ro_offline\ragnarok offline pack 2019 (hercules)\01_emulator\01_emulator\hercules_prere\vcproj-16\char-server\debug\sql.obj
d:\ro_offline\ragnarok offline pack 2019 (hercules)\01_emulator\01_emulator\hercules_prere\vcproj-16\char-server\debug\utils.obj
d:\ro_offline\ragnarok offline pack 2019 (hercules)\01_emulator\01_emulator\hercules_prere\vcproj-16\char-server\debug\int_achievement.obj
d:\ro_offline\ragnarok offline pack 2019 (hercules)\01_emulator\01_emulator\hercules_prere\vcproj-16\char-server\debug\int_elemental.obj
d:\ro_offline\ragnarok offline pack 2019 (hercules)\01_emulator\01_emulator\hercules_prere\vcproj-16\char-server\debug\int_mercenary.obj
d:\ro_offline\ragnarok offline pack 2019 (hercules)\01_emulator\01_emulator\hercules_prere\vcproj-16\char-server\debug\int_storage.obj
d:\ro_offline\ragnarok offline pack 2019 (hercules)\01_emulator\01_emulator\hercules_prere\vcproj-16\char-server\debug\pincode.obj
d:\ro_offline\ragnarok offline pack 2019 (hercules)\01_emulator\01_emulator\hercules_prere\vcproj-16\char-server\debug\libconfig.obj
d:\ro_offline\ragnarok offline pack 2019 (hercules)\01_emulator\01_emulator\hercules_prere\vcproj-16\char-server\debug\mt19937ar.obj
d:\ro_offline\ragnarok offline pack 2019 (hercules)\01_emulator\01_emulator\hercules_prere\vcproj-16\char-server\debug\core.obj
d:\ro_offline\ragnarok offline pack 2019 (hercules)\01_emulator\01_emulator\hercules_prere\vcproj-16\char-server\debug\hpm.obj
d:\ro_offline\ragnarok offline pack 2019 (hercules)\01_emulator\01_emulator\hercules_prere\vcproj-16\char-server\debug\socket.obj
d:\ro_offline\ragnarok offline pack 2019 (hercules)\01_emulator\01_emulator\hercules_prere\vcproj-16\char-server\debug\timer.obj
d:\ro_offline\ragnarok offline pack 2019 (hercules)\01_emulator\01_emulator\hercules_prere\vcproj-16\char-server\debug\char.obj
d:\ro_offline\ragnarok offline pack 2019 (hercules)\01_emulator\01_emulator\hercules_prere\vcproj-16\char-server\debug\int_guild.obj
d:\ro_offline\ragnarok offline pack 2019 (hercules)\01_emulator\01_emulator\hercules_prere\vcproj-16\char-server\debug\int_party.obj
d:\ro_offline\ragnarok offline pack 2019 (hercules)\01_emulator\01_emulator\hercules_prere\vcproj-16\char-server\debug\inter.obj
d:\ro_offline\ragnarok offline pack 2019 (hercules)\01_emulator\01_emulator\hercules_prere\vcproj-16\char-server\debug\scanner.obj
d:\ro_offline\ragnarok offline pack 2019 (hercules)\01_emulator\01_emulator\hercules_prere\vcproj-16\char-server\debug\conf.obj
d:\ro_offline\ragnarok offline pack 2019 (hercules)\01_emulator\01_emulator\hercules_prere\vcproj-16\char-server\debug\console.obj
d:\ro_offline\ragnarok offline pack 2019 (hercules)\01_emulator\01_emulator\hercules_prere\vcproj-16\char-server\debug\mapindex.obj
d:\ro_offline\ragnarok offline pack 2019 (hercules)\01_emulator\01_emulator\hercules_prere\vcproj-16\char-server\debug\nullpo.obj
d:\ro_offline\ragnarok offline pack 2019 (hercules)\01_emulator\01_emulator\hercules_prere\vcproj-16\char-server\debug\showmsg.obj
d:\ro_offline\ragnarok offline pack 2019 (hercules)\01_emulator\01_emulator\hercules_prere\vcproj-16\char-server\debug\thread.obj
d:\ro_offline\ragnarok offline pack 2019 (hercules)\01_emulator\01_emulator\hercules_prere\vcproj-16\char-server\debug\hpmchar.obj
d:\ro_offline\ragnarok offline pack 2019 (hercules)\01_emulator\01_emulator\hercules_prere\vcproj-16\char-server\debug\int_clan.obj
d:\ro_offline\ragnarok offline pack 2019 (hercules)\01_emulator\01_emulator\hercules_prere\vcproj-16\char-server\debug\int_mail.obj
d:\ro_offline\ragnarok offline pack 2019 (hercules)\01_emulator\01_emulator\hercules_prere\vcproj-16\char-server\debug\int_quest.obj
d:\ro_offline\ragnarok offline pack 2019 (hercules)\01_emulator\01_emulator\hercules_prere\vcproj-16\char-server\debug\mapif.obj
d:\ro_offline\ragnarok offline pack 2019 (hercules)\01_emulator\01_emulator\hercules_prere\vcproj-16\char-server\debug\vc142.pdb
d:\ro_offline\ragnarok offline pack 2019 (hercules)\01_emulator\01_emulator\hercules_prere\char-server.ilk
d:\ro_offline\ragnarok offline pack 2019 (hercules)\01_emulator\01_emulator\hercules_prere\char-server.exe
d:\ro_offline\ragnarok offline pack 2019 (hercules)\01_emulator\01_emulator\hercules_prere\char-server.pdb
d:\downloads\compressed\01_emulator\hercules_prere\vcproj-16\char-server\debug\char.obj
d:\downloads\compressed\01_emulator\hercules_prere\vcproj-16\char-server\debug\conf.obj
d:\downloads\compressed\01_emulator\hercules_prere\vcproj-16\char-server\debug\console.obj
d:\downloads\compressed\01_emulator\hercules_prere\vcproj-16\char-server\debug\core.obj
d:\downloads\compressed\01_emulator\hercules_prere\vcproj-16\char-server\debug\db.obj
d:\downloads\compressed\01_emulator\hercules_prere\vcproj-16\char-server\debug\des.obj
d:\downloads\compressed\01_emulator\hercules_prere\vcproj-16\char-server\debug\ers.obj
d:\downloads\compressed\01_emulator\hercules_prere\vcproj-16\char-server\debug\geoip.obj
d:\downloads\compressed\01_emulator\hercules_prere\vcproj-16\char-server\debug\grammar.obj
d:\downloads\compressed\01_emulator\hercules_prere\vcproj-16\char-server\debug\grfio.obj
d:\downloads\compressed\01_emulator\hercules_prere\vcproj-16\char-server\debug\hpm.obj
d:\downloads\compressed\01_emulator\hercules_prere\vcproj-16\char-server\debug\hpmchar.obj
d:\downloads\compressed\01_emulator\hercules_prere\vcproj-16\char-server\debug\inter.obj
d:\downloads\compressed\01_emulator\hercules_prere\vcproj-16\char-server\debug\int_achievement.obj
d:\downloads\compressed\01_emulator\hercules_prere\vcproj-16\char-server\debug\int_auction.obj
d:\downloads\compressed\01_emulator\hercules_prere\vcproj-16\char-server\debug\int_clan.obj
d:\downloads\compressed\01_emulator\hercules_prere\vcproj-16\char-server\debug\int_elemental.obj
d:\downloads\compressed\01_emulator\hercules_prere\vcproj-16\char-server\debug\int_guild.obj
d:\downloads\compressed\01_emulator\hercules_prere\vcproj-16\char-server\debug\int_homun.obj
d:\downloads\compressed\01_emulator\hercules_prere\vcproj-16\char-server\debug\int_mail.obj
d:\downloads\compressed\01_emulator\hercules_prere\vcproj-16\char-server\debug\int_mercenary.obj
d:\downloads\compressed\01_emulator\hercules_prere\vcproj-16\char-server\debug\int_party.obj
d:\downloads\compressed\01_emulator\hercules_prere\vcproj-16\char-server\debug\int_pet.obj
d:\downloads\compressed\01_emulator\hercules_prere\vcproj-16\char-server\debug\int_quest.obj
d:\downloads\compressed\01_emulator\hercules_prere\vcproj-16\char-server\debug\int_rodex.obj
d:\downloads\compressed\01_emulator\hercules_prere\vcproj-16\char-server\debug\int_storage.obj
d:\downloads\compressed\01_emulator\hercules_prere\vcproj-16\char-server\debug\libconfig.obj
d:\downloads\compressed\01_emulator\hercules_prere\vcproj-16\char-server\debug\loginif.obj
d:\downloads\compressed\01_emulator\hercules_prere\vcproj-16\char-server\debug\mapif.obj
d:\downloads\compressed\01_emulator\hercules_prere\vcproj-16\char-server\debug\mapindex.obj
d:\downloads\compressed\01_emulator\hercules_prere\vcproj-16\char-server\debug\md5calc.obj
d:\downloads\compressed\01_emulator\hercules_prere\vcproj-16\char-server\debug\memmgr.obj
d:\downloads\compressed\01_emulator\hercules_prere\vcproj-16\char-server\debug\mt19937ar.obj
d:\downloads\compressed\01_emulator\hercules_prere\vcproj-16\char-server\debug\mutex.obj
d:\downloads\compressed\01_emulator\hercules_prere\vcproj-16\char-server\debug\nullpo.obj
d:\downloads\compressed\01_emulator\hercules_prere\vcproj-16\char-server\debug\packets.obj
d:\downloads\compressed\01_emulator\hercules_prere\vcproj-16\char-server\debug\pincode.obj
d:\downloads\compressed\01_emulator\hercules_prere\vcproj-16\char-server\debug\random.obj
d:\downloads\compressed\01_emulator\hercules_prere\vcproj-16\char-server\debug\scanctx.obj
d:\downloads\compressed\01_emulator\hercules_prere\vcproj-16\char-server\debug\scanner.obj
d:\downloads\compressed\01_emulator\hercules_prere\vcproj-16\char-server\debug\showmsg.obj
d:\downloads\compressed\01_emulator\hercules_prere\vcproj-16\char-server\debug\socket.obj
d:\downloads\compressed\01_emulator\hercules_prere\vcproj-16\char-server\debug\sql.obj
d:\downloads\compressed\01_emulator\hercules_prere\vcproj-16\char-server\debug\strbuf.obj
d:\downloads\compressed\01_emulator\hercules_prere\vcproj-16\char-server\debug\strlib.obj
d:\downloads\compressed\01_emulator\hercules_prere\vcproj-16\char-server\debug\sysinfo.obj
d:\downloads\compressed\01_emulator\hercules_prere\vcproj-16\char-server\debug\thread.obj
d:\downloads\compressed\01_emulator\hercules_prere\vcproj-16\char-server\debug\timer.obj
d:\downloads\compressed\01_emulator\hercules_prere\vcproj-16\char-server\debug\utils.obj
d:\downloads\compressed\01_emulator\hercules_prere\vcproj-16\char-server\debug\vc142.idb
d:\downloads\compressed\01_emulator\hercules_prere\vcproj-16\char-server\debug\vc142.pdb
d:\downloads\compressed\01_emulator\hercules_prere\vcproj-16\..\char-server.exe
d:\downloads\compressed\01_emulator\hercules_prere\vcproj-16\char-server\debug\char-server.tlog\char-server.write.1u.tlog
d:\downloads\compressed\01_emulator\hercules_prere\vcproj-16\char-server\debug\char-server.tlog\cl.10348.write.1.tlog
d:\downloads\compressed\01_emulator\hercules_prere\vcproj-16\char-server\debug\char-server.tlog\cl.command.1.tlog
d:\downloads\compressed\01_emulator\hercules_prere\vcproj-16\char-server\debug\char-server.tlog\cl.read.1.tlog
d:\downloads\compressed\01_emulator\hercules_prere\vcproj-16\char-server\debug\char-server.tlog\link.command.1.tlog
d:\downloads\compressed\01_emulator\hercules_prere\vcproj-16\char-server\debug\char-server.tlog\link.read.1.tlog
d:\downloads\compressed\01_emulator\hercules_prere\vcproj-16\char-server\debug\char-server.tlog\link.write.1.tlog
