d:\downloads\compressed\01_emulator\hercules_prere\vcproj-16\plugin-hpmhooking_char\release\vc142.pdb
d:\downloads\compressed\01_emulator\hercules_prere\vcproj-16\plugin-hpmhooking_char\release\hpmhooking.obj
d:\downloads\idm\01_emulator\01_emulator\hercules_prere\vcproj-16\plugin-hpmhooking_char\release\vc142.pdb
d:\downloads\idm\01_emulator\01_emulator\hercules_prere\vcproj-16\plugin-hpmhooking_char\release\hpmhooking.obj
d:\downloads\compressed\01_emulator\hercules_prere\plugins\hpmhooking_char.dll
d:\downloads\compressed\01_emulator\hercules_prere\vcproj-16\plugin-hpmhooking_char\release\hpmhooking_char.pdb
d:\downloads\idm\01_emulator\01_emulator\hercules_prere\plugins\hpmhooking_char.dll
d:\downloads\idm\01_emulator\01_emulator\hercules_prere\vcproj-16\plugin-hpmhooking_char\release\hpmhooking_char.pdb
d:\downloads\compressed\01_emulator\hercules_prere\vcproj-16\plugin-hpmhooking_char\release\hpmhooking_char.lib
d:\downloads\compressed\01_emulator\hercules_prere\vcproj-16\plugin-hpmhooking_char\release\hpmhooking_char.exp
d:\downloads\idm\01_emulator\01_emulator\hercules_prere\vcproj-16\plugin-hpmhooking_char\release\hpmhooking_char.lib
d:\downloads\idm\01_emulator\01_emulator\hercules_prere\vcproj-16\plugin-hpmhooking_char\release\hpmhooking_char.exp
d:\downloads\01_emulator\hercules_prere\vcproj-16\plugin-hpmhooking_char\release\hpmhooking.obj
d:\downloads\01_emulator\hercules_prere\vcproj-16\plugin-hpmhooking_char\release\hpmhooking_char.exp
d:\downloads\01_emulator\hercules_prere\vcproj-16\plugin-hpmhooking_char\release\hpmhooking_char.pdb
d:\downloads\01_emulator\hercules_prere\vcproj-16\plugin-hpmhooking_char\release\vc142.pdb
d:\downloads\01_emulator\hercules_prere\vcproj-16\..\plugins\hpmhooking_char.dll
d:\downloads\01_emulator\hercules_prere\vcproj-16\plugin-hpmhooking_char\release\plugin-h.d495824d.tlog\cl.command.1.tlog
d:\downloads\01_emulator\hercules_prere\vcproj-16\plugin-hpmhooking_char\release\plugin-h.d495824d.tlog\cl.read.1.tlog
d:\downloads\01_emulator\hercules_prere\vcproj-16\plugin-hpmhooking_char\release\plugin-h.d495824d.tlog\cl.write.1.tlog
d:\downloads\01_emulator\hercules_prere\vcproj-16\plugin-hpmhooking_char\release\plugin-h.d495824d.tlog\link.command.1.tlog
d:\downloads\01_emulator\hercules_prere\vcproj-16\plugin-hpmhooking_char\release\plugin-h.d495824d.tlog\link.delete.1.tlog
d:\downloads\01_emulator\hercules_prere\vcproj-16\plugin-hpmhooking_char\release\plugin-h.d495824d.tlog\link.read.1.tlog
d:\downloads\01_emulator\hercules_prere\vcproj-16\plugin-hpmhooking_char\release\plugin-h.d495824d.tlog\link.write.1.tlog
d:\downloads\01_emulator\hercules_prere\vcproj-16\plugin-hpmhooking_char\release\plugin-h.d495824d.tlog\plugin-hpmhooking_char.write.1u.tlog
