d:\downloads\compressed\01_emulator\hercules_prere\vcproj-16\plugin-sample\release\vc142.pdb
d:\downloads\compressed\01_emulator\hercules_prere\vcproj-16\plugin-sample\release\sample.obj
d:\downloads\idm\01_emulator\01_emulator\hercules_prere\vcproj-16\plugin-sample\release\vc142.pdb
d:\downloads\idm\01_emulator\01_emulator\hercules_prere\vcproj-16\plugin-sample\release\sample.obj
d:\downloads\compressed\01_emulator\hercules_prere\plugins\sample.dll
d:\downloads\compressed\01_emulator\hercules_prere\vcproj-16\plugin-sample\release\sample.pdb
d:\downloads\idm\01_emulator\01_emulator\hercules_prere\plugins\sample.dll
d:\downloads\idm\01_emulator\01_emulator\hercules_prere\vcproj-16\plugin-sample\release\sample.pdb
d:\downloads\compressed\01_emulator\hercules_prere\vcproj-16\plugin-sample\release\sample.lib
d:\downloads\compressed\01_emulator\hercules_prere\vcproj-16\plugin-sample\release\sample.exp
d:\downloads\idm\01_emulator\01_emulator\hercules_prere\vcproj-16\plugin-sample\release\sample.lib
d:\downloads\idm\01_emulator\01_emulator\hercules_prere\vcproj-16\plugin-sample\release\sample.exp
d:\downloads\01_emulator\hercules_prere\vcproj-16\plugin-sample\release\sample.obj
d:\downloads\01_emulator\hercules_prere\vcproj-16\plugin-sample\release\sample.exp
d:\downloads\01_emulator\hercules_prere\vcproj-16\plugin-sample\release\sample.pdb
d:\downloads\01_emulator\hercules_prere\vcproj-16\plugin-sample\release\vc142.pdb
d:\downloads\01_emulator\hercules_prere\vcproj-16\..\plugins\sample.dll
d:\downloads\01_emulator\hercules_prere\vcproj-16\plugin-sample\release\plugin-sample.tlog\cl.command.1.tlog
d:\downloads\01_emulator\hercules_prere\vcproj-16\plugin-sample\release\plugin-sample.tlog\cl.read.1.tlog
d:\downloads\01_emulator\hercules_prere\vcproj-16\plugin-sample\release\plugin-sample.tlog\cl.write.1.tlog
d:\downloads\01_emulator\hercules_prere\vcproj-16\plugin-sample\release\plugin-sample.tlog\link.command.1.tlog
d:\downloads\01_emulator\hercules_prere\vcproj-16\plugin-sample\release\plugin-sample.tlog\link.delete.1.tlog
d:\downloads\01_emulator\hercules_prere\vcproj-16\plugin-sample\release\plugin-sample.tlog\link.read.1.tlog
d:\downloads\01_emulator\hercules_prere\vcproj-16\plugin-sample\release\plugin-sample.tlog\link.write.1.tlog
d:\downloads\01_emulator\hercules_prere\vcproj-16\plugin-sample\release\plugin-sample.tlog\plugin-sample.write.1u.tlog
