d:\downloads\01_emulator\hercules_prere\vcproj-15\login-server\release\grammar.obj
d:\downloads\01_emulator\hercules_prere\vcproj-15\login-server\release\strbuf.obj
d:\downloads\01_emulator\hercules_prere\vcproj-15\login-server\release\account.obj
d:\downloads\01_emulator\hercules_prere\vcproj-15\login-server\release\loginlog.obj
d:\downloads\01_emulator\hercules_prere\vcproj-15\login-server\release\console.obj
d:\downloads\01_emulator\hercules_prere\vcproj-15\login-server\release\random.obj
d:\downloads\01_emulator\hercules_prere\vcproj-15\login-server\release\strlib.obj
d:\downloads\01_emulator\hercules_prere\vcproj-15\login-server\release\timer.obj
d:\downloads\01_emulator\hercules_prere\vcproj-15\login-server\release\scanctx.obj
d:\downloads\01_emulator\hercules_prere\vcproj-15\login-server\release\thread.obj
d:\downloads\01_emulator\hercules_prere\vcproj-15\login-server\release\lclif.obj
d:\downloads\01_emulator\hercules_prere\vcproj-15\login-server\release\packets.obj
d:\downloads\01_emulator\hercules_prere\vcproj-15\login-server\release\db.obj
d:\downloads\01_emulator\hercules_prere\vcproj-15\login-server\release\memmgr.obj
d:\downloads\01_emulator\hercules_prere\vcproj-15\login-server\release\md5calc.obj
d:\downloads\01_emulator\hercules_prere\vcproj-15\login-server\release\showmsg.obj
d:\downloads\01_emulator\hercules_prere\vcproj-15\login-server\release\sysinfo.obj
d:\downloads\01_emulator\hercules_prere\vcproj-15\login-server\release\scanner.obj
d:\downloads\01_emulator\hercules_prere\vcproj-15\login-server\release\mutex.obj
d:\downloads\01_emulator\hercules_prere\vcproj-15\login-server\release\ipban.obj
d:\downloads\01_emulator\hercules_prere\vcproj-15\login-server\release\login.obj
d:\downloads\01_emulator\hercules_prere\vcproj-15\login-server\release\ers.obj
d:\downloads\01_emulator\hercules_prere\vcproj-15\login-server\release\hpm.obj
d:\downloads\01_emulator\hercules_prere\vcproj-15\login-server\release\sql.obj
d:\downloads\01_emulator\hercules_prere\vcproj-15\login-server\release\mt19937ar.obj
d:\downloads\01_emulator\hercules_prere\vcproj-15\login-server\release\libconfig.obj
d:\downloads\01_emulator\hercules_prere\vcproj-15\login-server\release\des.obj
d:\downloads\01_emulator\hercules_prere\vcproj-15\login-server\release\hpmlogin.obj
d:\downloads\01_emulator\hercules_prere\vcproj-15\login-server\release\conf.obj
d:\downloads\01_emulator\hercules_prere\vcproj-15\login-server\release\core.obj
d:\downloads\01_emulator\hercules_prere\vcproj-15\login-server\release\grfio.obj
d:\downloads\01_emulator\hercules_prere\vcproj-15\login-server\release\nullpo.obj
d:\downloads\01_emulator\hercules_prere\vcproj-15\login-server\release\socket.obj
d:\downloads\01_emulator\hercules_prere\vcproj-15\login-server\release\utils.obj
d:\downloads\01_emulator\hercules_prere\vcproj-15\login-server\release\vc142.pdb
d:\downloads\01_emulator\hercules_prere\login-server.exe
d:\downloads\01_emulator\hercules_prere\login-server.pdb
d:\downloads\01_emulator\hercules_prere\login-server.lib
d:\downloads\01_emulator\hercules_prere\login-server.exp
d:\downloads\01_emulator\hercules_prere\vcproj-15\..\login-server.exe
d:\downloads\01_emulator\hercules_prere\vcproj-15\login-server\release\login-server.tlog\cl.3500.write.1.tlog
d:\downloads\01_emulator\hercules_prere\vcproj-15\login-server\release\login-server.tlog\cl.command.1.tlog
d:\downloads\01_emulator\hercules_prere\vcproj-15\login-server\release\login-server.tlog\cl.read.1.tlog
d:\downloads\01_emulator\hercules_prere\vcproj-15\login-server\release\login-server.tlog\link.command.1.tlog
d:\downloads\01_emulator\hercules_prere\vcproj-15\login-server\release\login-server.tlog\link.delete.1.tlog
d:\downloads\01_emulator\hercules_prere\vcproj-15\login-server\release\login-server.tlog\link.read.1.tlog
d:\downloads\01_emulator\hercules_prere\vcproj-15\login-server\release\login-server.tlog\link.write.1.tlog
d:\downloads\01_emulator\hercules_prere\vcproj-15\login-server\release\login-server.tlog\login-server.write.1u.tlog
