d:\downloads\idm\01_emulator\01_emulator\hercules_prere\vcproj-16\map-server\release\libconfig.obj
d:\downloads\idm\01_emulator\01_emulator\hercules_prere\vcproj-16\map-server\release\strbuf.obj
d:\downloads\idm\01_emulator\01_emulator\hercules_prere\vcproj-16\map-server\release\core.obj
d:\downloads\idm\01_emulator\01_emulator\hercules_prere\vcproj-16\map-server\release\mapindex.obj
d:\downloads\idm\01_emulator\01_emulator\hercules_prere\vcproj-16\map-server\release\nullpo.obj
d:\downloads\idm\01_emulator\01_emulator\hercules_prere\vcproj-16\map-server\release\showmsg.obj
d:\downloads\idm\01_emulator\01_emulator\hercules_prere\vcproj-16\map-server\release\thread.obj
d:\downloads\idm\01_emulator\01_emulator\hercules_prere\vcproj-16\map-server\release\achievement.obj
d:\downloads\idm\01_emulator\01_emulator\hercules_prere\vcproj-16\map-server\release\battleground.obj
d:\downloads\idm\01_emulator\01_emulator\hercules_prere\vcproj-16\map-server\release\chat.obj
d:\downloads\idm\01_emulator\01_emulator\hercules_prere\vcproj-16\map-server\release\clif.obj
d:\downloads\idm\01_emulator\01_emulator\hercules_prere\vcproj-16\map-server\release\irc-bot.obj
d:\downloads\idm\01_emulator\01_emulator\hercules_prere\vcproj-16\map-server\release\map.obj
d:\downloads\idm\01_emulator\01_emulator\hercules_prere\vcproj-16\map-server\release\mercenary.obj
d:\downloads\idm\01_emulator\01_emulator\hercules_prere\vcproj-16\map-server\release\path.obj
d:\downloads\idm\01_emulator\01_emulator\hercules_prere\vcproj-16\map-server\release\pc_groups.obj
d:\downloads\idm\01_emulator\01_emulator\hercules_prere\vcproj-16\map-server\release\quest.obj
d:\downloads\idm\01_emulator\01_emulator\hercules_prere\vcproj-16\map-server\release\storage.obj
d:\downloads\idm\01_emulator\01_emulator\hercules_prere\vcproj-16\map-server\release\stylist.obj
d:\downloads\idm\01_emulator\01_emulator\hercules_prere\vcproj-16\map-server\release\vending.obj
d:\downloads\idm\01_emulator\01_emulator\hercules_prere\vcproj-16\map-server\release\scanner.obj
d:\downloads\idm\01_emulator\01_emulator\hercules_prere\vcproj-16\map-server\release\console.obj
d:\downloads\idm\01_emulator\01_emulator\hercules_prere\vcproj-16\map-server\release\md5calc.obj
d:\downloads\idm\01_emulator\01_emulator\hercules_prere\vcproj-16\map-server\release\random.obj
d:\downloads\idm\01_emulator\01_emulator\hercules_prere\vcproj-16\map-server\release\strlib.obj
d:\downloads\idm\01_emulator\01_emulator\hercules_prere\vcproj-16\map-server\release\sysinfo.obj
d:\downloads\idm\01_emulator\01_emulator\hercules_prere\vcproj-16\map-server\release\buyingstore.obj
d:\downloads\idm\01_emulator\01_emulator\hercules_prere\vcproj-16\map-server\release\chrif.obj
d:\downloads\idm\01_emulator\01_emulator\hercules_prere\vcproj-16\map-server\release\elemental.obj
d:\downloads\idm\01_emulator\01_emulator\hercules_prere\vcproj-16\map-server\release\log.obj
d:\downloads\idm\01_emulator\01_emulator\hercules_prere\vcproj-16\map-server\release\homunculus.obj
d:\downloads\idm\01_emulator\01_emulator\hercules_prere\vcproj-16\map-server\release\npc.obj
d:\downloads\idm\01_emulator\01_emulator\hercules_prere\vcproj-16\map-server\release\pet.obj
d:\downloads\idm\01_emulator\01_emulator\hercules_prere\vcproj-16\map-server\release\rodex.obj
d:\downloads\idm\01_emulator\01_emulator\hercules_prere\vcproj-16\map-server\release\searchstore.obj
d:\downloads\idm\01_emulator\01_emulator\hercules_prere\vcproj-16\map-server\release\status.obj
d:\downloads\idm\01_emulator\01_emulator\hercules_prere\vcproj-16\map-server\release\trade.obj
d:\downloads\idm\01_emulator\01_emulator\hercules_prere\vcproj-16\map-server\release\scanctx.obj
d:\downloads\idm\01_emulator\01_emulator\hercules_prere\vcproj-16\map-server\release\conf.obj
d:\downloads\idm\01_emulator\01_emulator\hercules_prere\vcproj-16\map-server\release\des.obj
d:\downloads\idm\01_emulator\01_emulator\hercules_prere\vcproj-16\map-server\release\ers.obj
d:\downloads\idm\01_emulator\01_emulator\hercules_prere\vcproj-16\map-server\release\hpm.obj
d:\downloads\idm\01_emulator\01_emulator\hercules_prere\vcproj-16\map-server\release\socket.obj
d:\downloads\idm\01_emulator\01_emulator\hercules_prere\vcproj-16\map-server\release\timer.obj
d:\downloads\idm\01_emulator\01_emulator\hercules_prere\vcproj-16\map-server\release\atcommand.obj
d:\downloads\idm\01_emulator\01_emulator\hercules_prere\vcproj-16\map-server\release\clan.obj
d:\downloads\idm\01_emulator\01_emulator\hercules_prere\vcproj-16\map-server\release\guild.obj
d:\downloads\idm\01_emulator\01_emulator\hercules_prere\vcproj-16\map-server\release\itemdb.obj
d:\downloads\idm\01_emulator\01_emulator\hercules_prere\vcproj-16\map-server\release\hpmmap.obj
d:\downloads\idm\01_emulator\01_emulator\hercules_prere\vcproj-16\map-server\release\mob.obj
d:\downloads\idm\01_emulator\01_emulator\hercules_prere\vcproj-16\map-server\release\pc.obj
d:\downloads\idm\01_emulator\01_emulator\hercules_prere\vcproj-16\map-server\release\skill.obj
d:\downloads\idm\01_emulator\01_emulator\hercules_prere\vcproj-16\map-server\release\unit.obj
d:\downloads\idm\01_emulator\01_emulator\hercules_prere\vcproj-16\map-server\release\grammar.obj
d:\downloads\idm\01_emulator\01_emulator\hercules_prere\vcproj-16\map-server\release\mt19937ar.obj
d:\downloads\idm\01_emulator\01_emulator\hercules_prere\vcproj-16\map-server\release\packets.obj
d:\downloads\idm\01_emulator\01_emulator\hercules_prere\vcproj-16\map-server\release\db.obj
d:\downloads\idm\01_emulator\01_emulator\hercules_prere\vcproj-16\map-server\release\grfio.obj
d:\downloads\idm\01_emulator\01_emulator\hercules_prere\vcproj-16\map-server\release\memmgr.obj
d:\downloads\idm\01_emulator\01_emulator\hercules_prere\vcproj-16\map-server\release\mutex.obj
d:\downloads\idm\01_emulator\01_emulator\hercules_prere\vcproj-16\map-server\release\sql.obj
d:\downloads\idm\01_emulator\01_emulator\hercules_prere\vcproj-16\map-server\release\utils.obj
d:\downloads\idm\01_emulator\01_emulator\hercules_prere\vcproj-16\map-server\release\battle.obj
d:\downloads\idm\01_emulator\01_emulator\hercules_prere\vcproj-16\map-server\release\channel.obj
d:\downloads\idm\01_emulator\01_emulator\hercules_prere\vcproj-16\map-server\release\date.obj
d:\downloads\idm\01_emulator\01_emulator\hercules_prere\vcproj-16\map-server\release\duel.obj
d:\downloads\idm\01_emulator\01_emulator\hercules_prere\vcproj-16\map-server\release\intif.obj
d:\downloads\idm\01_emulator\01_emulator\hercules_prere\vcproj-16\map-server\release\mail.obj
d:\downloads\idm\01_emulator\01_emulator\hercules_prere\vcproj-16\map-server\release\mapreg_sql.obj
d:\downloads\idm\01_emulator\01_emulator\hercules_prere\vcproj-16\map-server\release\instance.obj
d:\downloads\idm\01_emulator\01_emulator\hercules_prere\vcproj-16\map-server\release\npc_chat.obj
d:\downloads\idm\01_emulator\01_emulator\hercules_prere\vcproj-16\map-server\release\party.obj
d:\downloads\idm\01_emulator\01_emulator\hercules_prere\vcproj-16\map-server\release\refine.obj
d:\downloads\idm\01_emulator\01_emulator\hercules_prere\vcproj-16\map-server\release\script.obj
d:\downloads\compressed\01_emulator\hercules_prere\vcproj-16\map-server\release\grammar.obj
d:\downloads\compressed\01_emulator\hercules_prere\vcproj-16\map-server\release\core.obj
d:\downloads\compressed\01_emulator\hercules_prere\vcproj-16\map-server\release\memmgr.obj
d:\downloads\compressed\01_emulator\hercules_prere\vcproj-16\map-server\release\mutex.obj
d:\downloads\compressed\01_emulator\hercules_prere\vcproj-16\map-server\release\sql.obj
d:\downloads\compressed\01_emulator\hercules_prere\vcproj-16\map-server\release\utils.obj
d:\downloads\compressed\01_emulator\hercules_prere\vcproj-16\map-server\release\battle.obj
d:\downloads\compressed\01_emulator\hercules_prere\vcproj-16\map-server\release\channel.obj
d:\downloads\compressed\01_emulator\hercules_prere\vcproj-16\map-server\release\date.obj
d:\downloads\compressed\01_emulator\hercules_prere\vcproj-16\map-server\release\elemental.obj
d:\downloads\compressed\01_emulator\hercules_prere\vcproj-16\map-server\release\irc-bot.obj
d:\downloads\compressed\01_emulator\hercules_prere\vcproj-16\map-server\release\mapreg_sql.obj
d:\downloads\compressed\01_emulator\hercules_prere\vcproj-16\map-server\release\instance.obj
d:\downloads\compressed\01_emulator\hercules_prere\vcproj-16\map-server\release\npc.obj
d:\downloads\compressed\01_emulator\hercules_prere\vcproj-16\map-server\release\pc.obj
d:\downloads\compressed\01_emulator\hercules_prere\vcproj-16\map-server\release\skill.obj
d:\downloads\compressed\01_emulator\hercules_prere\vcproj-16\map-server\release\vending.obj
d:\downloads\compressed\01_emulator\hercules_prere\vcproj-16\map-server\release\scanner.obj
d:\downloads\compressed\01_emulator\hercules_prere\vcproj-16\map-server\release\conf.obj
d:\downloads\compressed\01_emulator\hercules_prere\vcproj-16\map-server\release\console.obj
d:\downloads\compressed\01_emulator\hercules_prere\vcproj-16\map-server\release\md5calc.obj
d:\downloads\compressed\01_emulator\hercules_prere\vcproj-16\map-server\release\random.obj
d:\downloads\compressed\01_emulator\hercules_prere\vcproj-16\map-server\release\strlib.obj
d:\downloads\compressed\01_emulator\hercules_prere\vcproj-16\map-server\release\thread.obj
d:\downloads\compressed\01_emulator\hercules_prere\vcproj-16\map-server\release\atcommand.obj
d:\downloads\compressed\01_emulator\hercules_prere\vcproj-16\map-server\release\chrif.obj
d:\downloads\compressed\01_emulator\hercules_prere\vcproj-16\map-server\release\duel.obj
d:\downloads\compressed\01_emulator\hercules_prere\vcproj-16\map-server\release\intif.obj
d:\downloads\compressed\01_emulator\hercules_prere\vcproj-16\map-server\release\mail.obj
d:\downloads\compressed\01_emulator\hercules_prere\vcproj-16\map-server\release\map.obj
d:\downloads\compressed\01_emulator\hercules_prere\vcproj-16\map-server\release\mob.obj
d:\downloads\compressed\01_emulator\hercules_prere\vcproj-16\map-server\release\pet.obj
d:\downloads\compressed\01_emulator\hercules_prere\vcproj-16\map-server\release\refine.obj
d:\downloads\compressed\01_emulator\hercules_prere\vcproj-16\map-server\release\searchstore.obj
d:\downloads\compressed\01_emulator\hercules_prere\vcproj-16\map-server\release\status.obj
d:\downloads\compressed\01_emulator\hercules_prere\vcproj-16\map-server\release\trade.obj
d:\downloads\compressed\01_emulator\hercules_prere\vcproj-16\map-server\release\scanctx.obj
d:\downloads\compressed\01_emulator\hercules_prere\vcproj-16\map-server\release\mt19937ar.obj
d:\downloads\compressed\01_emulator\hercules_prere\vcproj-16\map-server\release\db.obj
d:\downloads\compressed\01_emulator\hercules_prere\vcproj-16\map-server\release\ers.obj
d:\downloads\compressed\01_emulator\hercules_prere\vcproj-16\map-server\release\hpm.obj
d:\downloads\compressed\01_emulator\hercules_prere\vcproj-16\map-server\release\showmsg.obj
d:\downloads\compressed\01_emulator\hercules_prere\vcproj-16\map-server\release\timer.obj
d:\downloads\compressed\01_emulator\hercules_prere\vcproj-16\map-server\release\achievement.obj
d:\downloads\compressed\01_emulator\hercules_prere\vcproj-16\map-server\release\buyingstore.obj
d:\downloads\compressed\01_emulator\hercules_prere\vcproj-16\map-server\release\clan.obj
d:\downloads\compressed\01_emulator\hercules_prere\vcproj-16\map-server\release\guild.obj
d:\downloads\compressed\01_emulator\hercules_prere\vcproj-16\map-server\release\log.obj
d:\downloads\compressed\01_emulator\hercules_prere\vcproj-16\map-server\release\hpmmap.obj
d:\downloads\compressed\01_emulator\hercules_prere\vcproj-16\map-server\release\npc_chat.obj
d:\downloads\compressed\01_emulator\hercules_prere\vcproj-16\map-server\release\party.obj
d:\downloads\compressed\01_emulator\hercules_prere\vcproj-16\map-server\release\rodex.obj
d:\downloads\compressed\01_emulator\hercules_prere\vcproj-16\map-server\release\script.obj
d:\downloads\compressed\01_emulator\hercules_prere\vcproj-16\map-server\release\libconfig.obj
d:\downloads\compressed\01_emulator\hercules_prere\vcproj-16\map-server\release\strbuf.obj
d:\downloads\compressed\01_emulator\hercules_prere\vcproj-16\map-server\release\packets.obj
d:\downloads\compressed\01_emulator\hercules_prere\vcproj-16\map-server\release\des.obj
d:\downloads\compressed\01_emulator\hercules_prere\vcproj-16\map-server\release\grfio.obj
d:\downloads\compressed\01_emulator\hercules_prere\vcproj-16\map-server\release\mapindex.obj
d:\downloads\compressed\01_emulator\hercules_prere\vcproj-16\map-server\release\nullpo.obj
d:\downloads\compressed\01_emulator\hercules_prere\vcproj-16\map-server\release\socket.obj
d:\downloads\compressed\01_emulator\hercules_prere\vcproj-16\map-server\release\sysinfo.obj
d:\downloads\compressed\01_emulator\hercules_prere\vcproj-16\map-server\release\battleground.obj
d:\downloads\compressed\01_emulator\hercules_prere\vcproj-16\map-server\release\chat.obj
d:\downloads\compressed\01_emulator\hercules_prere\vcproj-16\map-server\release\clif.obj
d:\downloads\compressed\01_emulator\hercules_prere\vcproj-16\map-server\release\itemdb.obj
d:\downloads\compressed\01_emulator\hercules_prere\vcproj-16\map-server\release\homunculus.obj
d:\downloads\compressed\01_emulator\hercules_prere\vcproj-16\map-server\release\mercenary.obj
d:\downloads\compressed\01_emulator\hercules_prere\vcproj-16\map-server\release\path.obj
d:\downloads\compressed\01_emulator\hercules_prere\vcproj-16\map-server\release\pc_groups.obj
d:\downloads\compressed\01_emulator\hercules_prere\vcproj-16\map-server\release\quest.obj
d:\downloads\compressed\01_emulator\hercules_prere\vcproj-16\map-server\release\storage.obj
d:\downloads\compressed\01_emulator\hercules_prere\vcproj-16\map-server\release\stylist.obj
d:\downloads\compressed\01_emulator\hercules_prere\vcproj-16\map-server\release\unit.obj
d:\downloads\compressed\01_emulator\hercules_prere\vcproj-16\map-server\release\vc142.pdb
d:\downloads\idm\01_emulator\01_emulator\hercules_prere\vcproj-16\map-server\release\vc142.pdb
d:\downloads\compressed\01_emulator\hercules_prere\map-server.exe
d:\downloads\compressed\01_emulator\hercules_prere\map-server.pdb
d:\downloads\idm\01_emulator\01_emulator\hercules_prere\map-server.exe
d:\downloads\idm\01_emulator\01_emulator\hercules_prere\map-server.pdb
d:\downloads\compressed\01_emulator\hercules_prere\map-server.lib
d:\downloads\compressed\01_emulator\hercules_prere\map-server.exp
d:\downloads\idm\01_emulator\01_emulator\hercules_prere\map-server.lib
d:\downloads\idm\01_emulator\01_emulator\hercules_prere\map-server.exp
d:\downloads\01_emulator\hercules_prere\vcproj-16\map-server\release\achievement.obj
d:\downloads\01_emulator\hercules_prere\vcproj-16\map-server\release\atcommand.obj
d:\downloads\01_emulator\hercules_prere\vcproj-16\map-server\release\battle.obj
d:\downloads\01_emulator\hercules_prere\vcproj-16\map-server\release\battleground.obj
d:\downloads\01_emulator\hercules_prere\vcproj-16\map-server\release\buyingstore.obj
d:\downloads\01_emulator\hercules_prere\vcproj-16\map-server\release\channel.obj
d:\downloads\01_emulator\hercules_prere\vcproj-16\map-server\release\chat.obj
d:\downloads\01_emulator\hercules_prere\vcproj-16\map-server\release\chrif.obj
d:\downloads\01_emulator\hercules_prere\vcproj-16\map-server\release\clan.obj
d:\downloads\01_emulator\hercules_prere\vcproj-16\map-server\release\clif.obj
d:\downloads\01_emulator\hercules_prere\vcproj-16\map-server\release\conf.obj
d:\downloads\01_emulator\hercules_prere\vcproj-16\map-server\release\console.obj
d:\downloads\01_emulator\hercules_prere\vcproj-16\map-server\release\core.obj
d:\downloads\01_emulator\hercules_prere\vcproj-16\map-server\release\date.obj
d:\downloads\01_emulator\hercules_prere\vcproj-16\map-server\release\db.obj
d:\downloads\01_emulator\hercules_prere\vcproj-16\map-server\release\des.obj
d:\downloads\01_emulator\hercules_prere\vcproj-16\map-server\release\duel.obj
d:\downloads\01_emulator\hercules_prere\vcproj-16\map-server\release\elemental.obj
d:\downloads\01_emulator\hercules_prere\vcproj-16\map-server\release\ers.obj
d:\downloads\01_emulator\hercules_prere\vcproj-16\map-server\release\grammar.obj
d:\downloads\01_emulator\hercules_prere\vcproj-16\map-server\release\grfio.obj
d:\downloads\01_emulator\hercules_prere\vcproj-16\map-server\release\guild.obj
d:\downloads\01_emulator\hercules_prere\vcproj-16\map-server\release\homunculus.obj
d:\downloads\01_emulator\hercules_prere\vcproj-16\map-server\release\hpm.obj
d:\downloads\01_emulator\hercules_prere\vcproj-16\map-server\release\hpmmap.obj
d:\downloads\01_emulator\hercules_prere\vcproj-16\map-server\release\instance.obj
d:\downloads\01_emulator\hercules_prere\vcproj-16\map-server\release\intif.obj
d:\downloads\01_emulator\hercules_prere\vcproj-16\map-server\release\irc-bot.obj
d:\downloads\01_emulator\hercules_prere\vcproj-16\map-server\release\itemdb.obj
d:\downloads\01_emulator\hercules_prere\vcproj-16\map-server\release\libconfig.obj
d:\downloads\01_emulator\hercules_prere\vcproj-16\map-server\release\log.obj
d:\downloads\01_emulator\hercules_prere\vcproj-16\map-server\release\mail.obj
d:\downloads\01_emulator\hercules_prere\vcproj-16\map-server\release\map.obj
d:\downloads\01_emulator\hercules_prere\vcproj-16\map-server\release\mapindex.obj
d:\downloads\01_emulator\hercules_prere\vcproj-16\map-server\release\mapreg_sql.obj
d:\downloads\01_emulator\hercules_prere\vcproj-16\map-server\release\md5calc.obj
d:\downloads\01_emulator\hercules_prere\vcproj-16\map-server\release\memmgr.obj
d:\downloads\01_emulator\hercules_prere\vcproj-16\map-server\release\mercenary.obj
d:\downloads\01_emulator\hercules_prere\vcproj-16\map-server\release\mob.obj
d:\downloads\01_emulator\hercules_prere\vcproj-16\map-server\release\mt19937ar.obj
d:\downloads\01_emulator\hercules_prere\vcproj-16\map-server\release\mutex.obj
d:\downloads\01_emulator\hercules_prere\vcproj-16\map-server\release\npc.obj
d:\downloads\01_emulator\hercules_prere\vcproj-16\map-server\release\npc_chat.obj
d:\downloads\01_emulator\hercules_prere\vcproj-16\map-server\release\nullpo.obj
d:\downloads\01_emulator\hercules_prere\vcproj-16\map-server\release\packets.obj
d:\downloads\01_emulator\hercules_prere\vcproj-16\map-server\release\party.obj
d:\downloads\01_emulator\hercules_prere\vcproj-16\map-server\release\path.obj
d:\downloads\01_emulator\hercules_prere\vcproj-16\map-server\release\pc.obj
d:\downloads\01_emulator\hercules_prere\vcproj-16\map-server\release\pc_groups.obj
d:\downloads\01_emulator\hercules_prere\vcproj-16\map-server\release\pet.obj
d:\downloads\01_emulator\hercules_prere\vcproj-16\map-server\release\quest.obj
d:\downloads\01_emulator\hercules_prere\vcproj-16\map-server\release\random.obj
d:\downloads\01_emulator\hercules_prere\vcproj-16\map-server\release\refine.obj
d:\downloads\01_emulator\hercules_prere\vcproj-16\map-server\release\rodex.obj
d:\downloads\01_emulator\hercules_prere\vcproj-16\map-server\release\scanctx.obj
d:\downloads\01_emulator\hercules_prere\vcproj-16\map-server\release\scanner.obj
d:\downloads\01_emulator\hercules_prere\vcproj-16\map-server\release\script.obj
d:\downloads\01_emulator\hercules_prere\vcproj-16\map-server\release\searchstore.obj
d:\downloads\01_emulator\hercules_prere\vcproj-16\map-server\release\showmsg.obj
d:\downloads\01_emulator\hercules_prere\vcproj-16\map-server\release\skill.obj
d:\downloads\01_emulator\hercules_prere\vcproj-16\map-server\release\socket.obj
d:\downloads\01_emulator\hercules_prere\vcproj-16\map-server\release\sql.obj
d:\downloads\01_emulator\hercules_prere\vcproj-16\map-server\release\status.obj
d:\downloads\01_emulator\hercules_prere\vcproj-16\map-server\release\storage.obj
d:\downloads\01_emulator\hercules_prere\vcproj-16\map-server\release\strbuf.obj
d:\downloads\01_emulator\hercules_prere\vcproj-16\map-server\release\strlib.obj
d:\downloads\01_emulator\hercules_prere\vcproj-16\map-server\release\stylist.obj
d:\downloads\01_emulator\hercules_prere\vcproj-16\map-server\release\sysinfo.obj
d:\downloads\01_emulator\hercules_prere\vcproj-16\map-server\release\thread.obj
d:\downloads\01_emulator\hercules_prere\vcproj-16\map-server\release\timer.obj
d:\downloads\01_emulator\hercules_prere\vcproj-16\map-server\release\trade.obj
d:\downloads\01_emulator\hercules_prere\vcproj-16\map-server\release\unit.obj
d:\downloads\01_emulator\hercules_prere\vcproj-16\map-server\release\utils.obj
d:\downloads\01_emulator\hercules_prere\vcproj-16\map-server\release\vending.obj
d:\downloads\01_emulator\hercules_prere\vcproj-16\map-server\release\vc142.pdb
d:\downloads\01_emulator\hercules_prere\vcproj-16\..\map-server.exe
d:\downloads\01_emulator\hercules_prere\vcproj-16\map-server\release\map-server.tlog\cl.10932.write.1.tlog
d:\downloads\01_emulator\hercules_prere\vcproj-16\map-server\release\map-server.tlog\cl.command.1.tlog
d:\downloads\01_emulator\hercules_prere\vcproj-16\map-server\release\map-server.tlog\cl.read.1.tlog
d:\downloads\01_emulator\hercules_prere\vcproj-16\map-server\release\map-server.tlog\link.command.1.tlog
d:\downloads\01_emulator\hercules_prere\vcproj-16\map-server\release\map-server.tlog\link.delete.1.tlog
d:\downloads\01_emulator\hercules_prere\vcproj-16\map-server\release\map-server.tlog\link.read.1.tlog
d:\downloads\01_emulator\hercules_prere\vcproj-16\map-server\release\map-server.tlog\link.write.1.tlog
d:\downloads\01_emulator\hercules_prere\vcproj-16\map-server\release\map-server.tlog\map-server.write.1u.tlog
