  grammar.c
  libconfig.c
  scanctx.c
  scanner.c
  strbuf.c
  mt19937ar.c
  conf.c
  core.c
  packets.c
  console.c
  db.c
  des.c
  ers.c
  grfio.c
  HPM.c
  memmgr.c
  mapindex.c
  md5calc.c
  mutex.c
  nullpo.c
  random.c
  showmsg.c
  socket.c
  sql.c
  strlib.c
  sysinfo.c
  thread.c
  timer.c
  utils.c
  achievement.c
  atcommand.c
  battle.c
  battleground.c
  buyingstore.c
  channel.c
  chat.c
  chrif.c
  clan.c
  clif.c
  date.c
  duel.c
  elemental.c
  guild.c
  intif.c
  irc-bot.c
  itemdb.c
  log.c
  mail.c
  map.c
  mapreg_sql.c
  homunculus.c
  HPMmap.c
  instance.c
  mercenary.c
  mob.c
  npc.c
  npc_chat.c
  party.c
  path.c
  pc.c
  pc_groups.c
  pet.c
  quest.c
  refine.c
  rodex.c
  script.c
  searchstore.c
  skill.c
  status.c
  storage.c
  stylist.c
  trade.c
  unit.c
  vending.c
     Creating library ..\map-server.lib and object ..\map-server.exp
  Generating code
  Finished generating code
  map-server.vcxproj -> D:\Downloads\01_emulator\hercules_PRERE\vcproj-16\..\map-server.exe
